Log file open, 07/08/17 13:37:38
LogInit:Display: Running engine for game: ViveTracker
LogPlatformFile: Not using cached read wrapper
LogInit:Display: RandInit(118119580) SRandInit(118119580).
LogInit: Using version manifest at CL 0 with build ID '245c4c57-8a6f-4b2c-af36-052eba620db6'
LogTaskGraph: Started task graph with 5 named threads and 12 total threads with 1 sets of task threads.
LogStats: Stats thread started at 0.177350
LogInit: Using libcurl 7.47.1
LogInit:  - built for x86_64-pc-win32
LogInit:  - supports SSL with OpenSSL/1.0.2g
LogInit:  - supports HTTP deflate (compression) using libz 1.2.8
LogInit:  - other features:
LogInit:      CURL_VERSION_SSL
LogInit:      CURL_VERSION_LIBZ
LogInit:      CURL_VERSION_IPV6
LogInit:      CURL_VERSION_ASYNCHDNS
LogInit:      CURL_VERSION_LARGEFILE
LogInit:      CURL_VERSION_IDN
LogInit:  CurlRequestOptions (configurable via config and command line):
LogInit:  - bVerifyPeer = false  - Libcurl will NOT verify peer certificate
LogInit:  - bUseHttpProxy = false  - Libcurl will NOT use HTTP proxy
LogInit:  - bDontReuseConnections = false  - Libcurl will reuse connections
LogInit:  - CertBundlePath = nullptr  - Libcurl will use whatever was configured at build time.
LogInit: Build: ++UE4+Release-4.16-CL-0
LogInit: Engine Version: 4.16.0-0+++UE4+Release-4.16
LogInit: Compatible Engine Version: 4.16.0-0+++UE4+Release-4.16
LogInit: Net CL: 0
LogDevObjectVersion: Number of dev versions registered: 16
LogDevObjectVersion:   Dev-Blueprints (B0D832E4-1F89-4F0D-ACCF-7EB736FD4AA2): 9
LogDevObjectVersion:   Dev-Build (E1C64328-A22C-4D53-A36C-8E866417BD8C): 0
LogDevObjectVersion:   Dev-Core (375EC13C-06E4-48FB-B500-84F0262A717E): 2
LogDevObjectVersion:   Dev-Editor (E4B068ED-F494-42E9-A231-DA0B2E46BB41): 17
LogDevObjectVersion:   Dev-Framework (CFFC743F-43B0-4480-9391-14DF171D2073): 23
LogDevObjectVersion:   Dev-Mobile (B02B49B5-BB20-44E9-A304-32B752E40360): 0
LogDevObjectVersion:   Dev-Networking (A4E4105C-59A1-49B5-A7C5-40C4547EDFEE): 0
LogDevObjectVersion:   Dev-Online (39C831C9-5AE6-47DC-9A44-9C173E1C8E7C): 0
LogDevObjectVersion:   Dev-Physics (78F01B33-EBEA-4F98-B9B4-84EACCB95AA2): 0
LogDevObjectVersion:   Dev-Platform (6631380F-2D4D-43E0-8009-CF276956A95A): 0
LogDevObjectVersion:   Dev-Rendering (12F88B9F-8875-4AFC-A67C-D90C383ABD29): 15
LogDevObjectVersion:   Dev-Sequencer (7B5AE74C-D270-4C10-A958-57980B212A5A): 4
LogDevObjectVersion:   Dev-VR (D7296918-1DD6-4BDD-9DE2-64A83CC13884): 0
LogDevObjectVersion:   Dev-LoadTimes (C2A15278-BFE7-4AFE-6C17-90FF531DF755): 1
LogDevObjectVersion:   Private-Geometry (6EACA3D4-40EC-4CC1-B786-8BED09428FC5): 1
LogDevObjectVersion:   Dev-AnimPhys (29E575DD-E0A3-4627-9D10-D276232CDCEA): 3
LogInit: Compiled (64-bit): Jun 27 2017 19:40:13
LogInit: Compiled with Visual C++: 19.00.24215.01
LogInit: Build Configuration: Development
LogInit: Branch Name: ++UE4+Release-4.16
LogInit: Command line: 
LogInit: Base directory: C:/Repos/GitHub/IncinX_UnrealEngine/Engine/Binaries/Win64/
LogInit: Installed Engine Build: 0
LogInit: Presizing for max 8388607 objects, including 0 objects not considered by GC, pre-allocating 0 bytes for permanent pool.
LogInit: Object subsystem initialized
[2017.07.08-20.37.39:423][  0]LogInit: Selected Device Profile: [Windows]
[2017.07.08-20.37.39:423][  0]LogInit: Applying CVar settings loaded from the selected device profile: [Windows]
[2017.07.08-20.37.39:449][  0]LogInit: Computer: CF
[2017.07.08-20.37.39:449][  0]LogInit: User: incin
[2017.07.08-20.37.39:449][  0]LogInit: CPU Page size=4096, Cores=8
[2017.07.08-20.37.39:449][  0]LogInit: High frequency timer resolution =3.320364 MHz
[2017.07.08-20.37.39:449][  0]LogMemory: Memory total: Physical=31.9GB (32GB approx)
[2017.07.08-20.37.39:449][  0]LogMemory: Platform Memory Stats for Windows
[2017.07.08-20.37.39:449][  0]LogMemory: Process Physical Memory: 273.19 MB used, 273.19 MB peak
[2017.07.08-20.37.39:449][  0]LogMemory: Process Virtual Memory: 267.69 MB used, 267.69 MB peak
[2017.07.08-20.37.39:449][  0]LogMemory: Physical Memory: 8214.05 MB used,  24502.22 MB free, 32716.27 MB total
[2017.07.08-20.37.39:449][  0]LogMemory: Virtual Memory: 649.22 MB used,  24502.22 MB free, 134217728.00 MB total
[2017.07.08-20.37.39:671][  0]LogInit: Using OS detected language (en-US).
[2017.07.08-20.37.39:671][  0]LogInit: Using OS detected locale (en-US).
[2017.07.08-20.37.39:730][  0]LogTextLocalizationManager: No specific localization for 'en-US' exists, so the 'en' localization will be used.
[2017.07.08-20.37.43:007][  0]LogD3D11RHI: D3D11 adapters:
[2017.07.08-20.37.43:054][  0]LogD3D11RHI:    0. 'Radeon RX 580 Series' (Feature Level 11_0)
[2017.07.08-20.37.43:054][  0]LogD3D11RHI:       8138/0/16358 MB DedicatedVideo/DedicatedSystem/SharedSystem, Outputs:2, VendorId:0x1002
[2017.07.08-20.37.43:055][  0]LogD3D11RHI:    1. 'Microsoft Basic Render Driver' (Feature Level 11_0)
[2017.07.08-20.37.43:055][  0]LogD3D11RHI:       0/0/16358 MB DedicatedVideo/DedicatedSystem/SharedSystem, Outputs:0, VendorId:0x1414
[2017.07.08-20.37.43:055][  0]LogD3D11RHI: Chosen D3D11 Adapter: 0
[2017.07.08-20.37.43:062][  0]LogD3D11RHI: Creating new Direct3DDevice
[2017.07.08-20.37.43:062][  0]LogD3D11RHI:     GPU DeviceId: 0x67df (for the marketing name, search the web for "GPU Device Id")
[2017.07.08-20.37.43:062][  0]LogWindows: EnumDisplayDevices:
[2017.07.08-20.37.43:062][  0]LogWindows:    0. 'Radeon RX 580 Series' (P:1 D:1)
[2017.07.08-20.37.43:063][  0]LogWindows:    1. 'Radeon RX 580 Series' (P:0 D:1)
[2017.07.08-20.37.43:063][  0]LogWindows:    2. 'Radeon RX 580 Series' (P:0 D:0)
[2017.07.08-20.37.43:063][  0]LogWindows:    3. 'Radeon RX 580 Series' (P:0 D:0)
[2017.07.08-20.37.43:063][  0]LogWindows:    4. 'Radeon RX 580 Series' (P:0 D:0)
[2017.07.08-20.37.43:063][  0]LogWindows:    5. 'Radeon RX 580 Series' (P:0 D:0)
[2017.07.08-20.37.43:063][  0]LogWindows: DebugString: FoundDriverCount:6 
[2017.07.08-20.37.43:063][  0]LogD3D11RHI:     Adapter Name: Radeon RX 580 Series
[2017.07.08-20.37.43:063][  0]LogD3D11RHI:   Driver Version: Crimson ReLive 17.6.1 (internal:22.19.171.1, unified:22.19.171.1)
[2017.07.08-20.37.43:064][  0]LogD3D11RHI:      Driver Date: 6-6-2017
[2017.07.08-20.37.43:064][  0]LogRHI: Texture pool is 1361 MB (70% of 1945 MB)
[2017.07.08-20.37.43:303][  0]LogD3D11RHI: Async texture creation enabled
[2017.07.08-20.37.43:314][  0]LogD3D11RHI: GPU Timing Frequency: 25.000000 (Debug: 2 1)
[2017.07.08-20.37.43:316][  0]LogShaderCompilers: Guid format shader working directory is -5 characters bigger than the processId version (../../../../UnrealProjects/Experimental/ViveTracker/Intermediate/Shaders/WorkingDirectory/9468/).
[2017.07.08-20.37.43:316][  0]LogShaderCompilers: Cleaned the shader compiler working directory 'C:/Users/incin/AppData/Local/Temp/UnrealShaderWorkingDir/421EC1984ADC633AE05377BA14BA6312/'.
[2017.07.08-20.37.43:316][  0]LogShaderCompilers:Display: Using Local Shader Compiler.
[2017.07.08-20.37.45:786][  0]LogTemp:Display: Loaded TP AllDesktopTargetPlatform
[2017.07.08-20.37.45:844][  0]LogTemp:Display: Loaded TP MacClientTargetPlatform
[2017.07.08-20.37.45:903][  0]LogTemp:Display: Loaded TP MacNoEditorTargetPlatform
[2017.07.08-20.37.45:960][  0]LogTemp:Display: Loaded TP MacServerTargetPlatform
[2017.07.08-20.37.46:023][  0]LogTemp:Display: Loaded TP MacTargetPlatform
[2017.07.08-20.37.46:080][  0]LogTemp:Display: Loaded TP WindowsClientTargetPlatform
[2017.07.08-20.37.46:140][  0]LogTemp:Display: Loaded TP WindowsNoEditorTargetPlatform
[2017.07.08-20.37.46:198][  0]LogTemp:Display: Loaded TP WindowsServerTargetPlatform
[2017.07.08-20.37.46:252][  0]LogTemp:Display: Loaded TP WindowsTargetPlatform
[2017.07.08-20.37.46:310][  0]LogTemp:Display: Loaded TP Android_ASTCTargetPlatform
[2017.07.08-20.37.46:368][  0]LogTemp:Display: Loaded TP Android_ATCTargetPlatform
[2017.07.08-20.37.46:422][  0]LogTemp:Display: Loaded TP Android_DXTTargetPlatform
[2017.07.08-20.37.46:479][  0]LogTemp:Display: Loaded TP Android_ETC1TargetPlatform
[2017.07.08-20.37.46:537][  0]LogTemp:Display: Loaded TP Android_ETC2TargetPlatform
[2017.07.08-20.37.46:648][  0]LogTemp:Display: Loaded TP Android_MultiTargetPlatform
[2017.07.08-20.37.46:648][  0]LogTemp:Display: Loaded TP Android_PVRTCTargetPlatform
[2017.07.08-20.37.46:709][  0]LogTemp:Display: Loaded TP AndroidTargetPlatform
[2017.07.08-20.37.46:757][  0]LogTemp:Display: Loaded TP HTML5TargetPlatform
[2017.07.08-20.37.46:885][  0]LogTemp:Display: Loaded TP IOSTargetPlatform
[2017.07.08-20.37.46:917][  0]LogTemp:Display: Loaded TP TVOSTargetPlatform
[2017.07.08-20.37.46:917][  0]LogTargetPlatformManager:Display: Building Assets For Windows
[2017.07.08-20.37.47:807][  0]LogDerivedDataCache:Display: Max Cache Size: 512 MB
[2017.07.08-20.37.47:807][  0]LogDerivedDataCache:Display: Starting with empty Boot cache
[2017.07.08-20.37.47:807][  0]LogDerivedDataCache: FDerivedDataBackendGraph:  Pak pak cache file ../../../../UnrealProjects/Experimental/ViveTracker/DerivedDataCache/DDC.ddp not found, will not use a pak cache.
[2017.07.08-20.37.47:807][  0]LogDerivedDataCache: Unable to find inner node Pak for hierarchical cache Hierarchy.
[2017.07.08-20.37.47:807][  0]LogDerivedDataCache: FDerivedDataBackendGraph:  EnginePak pak cache file ../../../Engine/DerivedDataCache/DDC.ddp not found, will not use a pak cache.
[2017.07.08-20.37.47:807][  0]LogDerivedDataCache: Unable to find inner node EnginePak for hierarchical cache Hierarchy.
[2017.07.08-20.37.47:819][  0]LogDerivedDataCache: Using Local data cache path ../../../Engine/DerivedDataCache: Writable
[2017.07.08-20.37.47:819][  0]LogDerivedDataCache: Shared data cache path not found in *engine.ini, will not use an Shared cache.
[2017.07.08-20.37.47:819][  0]LogDerivedDataCache: Unable to find inner node Shared for hierarchical cache Hierarchy.
[2017.07.08-20.37.47:848][  0]LogMaterial: Verifying Global Shaders for PCD3D_SM5
[2017.07.08-20.37.47:849][  0]LogSlate: Using Freetype 2.6.0
[2017.07.08-20.37.47:864][  0]LogSlate: SlateFontCache - WITH_FREETYPE: 1, WITH_HARFBUZZ: 1
[2017.07.08-20.37.47:864][  0]LogSlate: SlateFontCache - WITH_FREETYPE: 1, WITH_HARFBUZZ: 1
[2017.07.08-20.37.50:328][  0]LogInit: Selected Device Profile: [Windows]
[2017.07.08-20.37.50:594][  0]LogContentStreaming: Texture pool size is 0.00 MB
[2017.07.08-20.37.50:836][  0]LogMeshUtilities: Using QuadricMeshReduction for automatic static mesh reduction
[2017.07.08-20.37.50:851][  0]LogMeshUtilities: No automatic skeletal mesh reduction module available
[2017.07.08-20.37.50:851][  0]LogMeshUtilities: No automatic mesh merging module available
[2017.07.08-20.37.50:851][  0]LogMeshUtilities: No distributed automatic mesh merging module available
[2017.07.08-20.37.52:880][  0]LogNetVersion: ViveTracker , NetCL: 0, EngineNetVer: 2, GameNetVer: 0 (Checksum: 2971218509)
[2017.07.08-20.37.52:983][  0]LogAssetRegistry: FAssetRegistry took 0.0245 seconds to start up
[2017.07.08-20.37.53:048][  0]LogPackageLocalizationCache: Processed 4 localized package path(s) for 2 prioritized culture(s) in 0.037917 seconds
[2017.07.08-20.37.53:056][  0]LogUObjectArray: 34153 objects as part of root set at end of initial load.
[2017.07.08-20.37.53:056][  0]LogUObjectAllocator: 7253664 out of 0 bytes used by permanent object pool.
[2017.07.08-20.37.53:056][  0]LogUObjectArray: CloseDisregardForGC: 0/0 objects in disregard for GC pool
[2017.07.08-20.37.53:130][  0]LogInit: WinSock: version 1.1 (2.2), MaxSocks=32767, MaxUdp=65467
[2017.07.08-20.37.57:286][  0]LogTcpMessaging: Initializing TcpMessaging bridge
[2017.07.08-20.37.57:346][  0]LogUdpMessaging: Initializing bridge on interface 0.0.0.0:0 to multicast group 230.0.0.1:6666.
[2017.07.08-20.37.58:055][  0]LogMaterial: Uniform references updated for custom material expression Custom.
[2017.07.08-20.37.58:712][  0]SourceControl: Info Source control is disabled
[2017.07.08-20.37.58:770][  0]SourceControl: Info Source control is disabled
[2017.07.08-20.37.58:831][  0]SourceControl: Info Source control is disabled
[2017.07.08-20.37.58:926][  0]SourceControl: Info Source control is disabled
[2017.07.08-20.37.59:785][  0]LogAndroidPermission: UAndroidPermissionCallbackProxy::GetInstance
[2017.07.08-20.38.00:519][  0]LogEngine: Initializing Engine...
[2017.07.08-20.38.05:147][  0]LogHMD: SteamVR initialized.  Driver: lighthouse  Display: LHR-EEE268FD
[2017.07.08-20.38.05:725][  0]LogStats: UGameplayTagsManager::ConstructGameplayTagTree: Construct from data asset -  0.000 s
[2017.07.08-20.38.05:725][  0]LogStats: UGameplayTagsManager::ConstructGameplayTagTree: GameplayTagTreeChangedEvent.Broadcast -  0.000 s
[2017.07.08-20.38.05:887][  0]LogAIModule: Creating AISystem for world Untitled
[2017.07.08-20.38.05:910][  0]LogInit: XAudio2 using 'Speakers (Realtek High Definition Audio)' : 2 channels at 48 kHz using 32 bits per sample (channel mask 0x3)
[2017.07.08-20.38.05:922][  0]LogInit: FAudioDevice initialized.
[2017.07.08-20.38.05:989][  0]LogDerivedDataCache: Saved boot cache 0.07s 90MB ../../../../UnrealProjects/Experimental/ViveTracker/DerivedDataCache/Boot.ddc.
[2017.07.08-20.38.06:010][  0]LogInit: Texture streaming: Enabled
[2017.07.08-20.38.06:123][  0]LogEngineSessionManager: EngineSessionManager initialized
[2017.07.08-20.38.06:378][  0]LogInit: Transaction tracking system initialized
[2017.07.08-20.38.06:728][  0]BlueprintLog: New page: Editor Load
[2017.07.08-20.38.07:818][  0]LocalizationService: Info Localization service is disabled
[2017.07.08-20.38.08:599][  0]LogConsoleResponse:Display: 
[2017.07.08-20.38.08:910][  0]LogFileCache: Scanning file cache for directory 'C:/Repos/GitHub/UnrealProjects/Experimental/ViveTracker/Content/' took 0.01s
[2017.07.08-20.38.08:910][  0]LogCook:Display: Max memory allowance for cook 16384mb min free memory 0mb
[2017.07.08-20.38.08:910][  0]LogCook:Display: Mobile HDR setting 1
[2017.07.08-20.38.10:178][  0]SourceControl: Info Source control is disabled
[2017.07.08-20.38.10:194][  0]LogFactory: FactoryCreateFile: PackFactory with PackFactory (0 0 C:/Repos/GitHub/IncinX_UnrealEngine/FeaturePacks/StarterContent.upack)
[2017.07.08-20.38.10:209][  0]LogPackFactory: Finished extracting 8 files (including 0 errors).
[2017.07.08-20.38.10:218][  0]LogPackFactory: Copied "../../../Samples/StarterContent/Content/StarterContent/Architecture/Floor_400x400.uasset" to "../../../../UnrealProjects/Experimental/ViveTracker/Content/StarterContent/Architecture/Floor_400x400.uasset"
[2017.07.08-20.38.10:226][  0]LogPackFactory: Copied "../../../Samples/StarterContent/Content/StarterContent/Architecture/Pillar_50x500.uasset" to "../../../../UnrealProjects/Experimental/ViveTracker/Content/StarterContent/Architecture/Pillar_50x500.uasset"
[2017.07.08-20.38.10:235][  0]LogPackFactory: Copied "../../../Samples/StarterContent/Content/StarterContent/Architecture/SM_AssetPlatform.uasset" to "../../../../UnrealProjects/Experimental/ViveTracker/Content/StarterContent/Architecture/SM_AssetPlatform.uasset"
[2017.07.08-20.38.10:243][  0]LogPackFactory: Copied "../../../Samples/StarterContent/Content/StarterContent/Architecture/Wall_400x200.uasset" to "../../../../UnrealProjects/Experimental/ViveTracker/Content/StarterContent/Architecture/Wall_400x200.uasset"
[2017.07.08-20.38.10:251][  0]LogPackFactory: Copied "../../../Samples/StarterContent/Content/StarterContent/Architecture/Wall_400x300.uasset" to "../../../../UnrealProjects/Experimental/ViveTracker/Content/StarterContent/Architecture/Wall_400x300.uasset"
[2017.07.08-20.38.10:260][  0]LogPackFactory: Copied "../../../Samples/StarterContent/Content/StarterContent/Architecture/Wall_400x400.uasset" to "../../../../UnrealProjects/Experimental/ViveTracker/Content/StarterContent/Architecture/Wall_400x400.uasset"
[2017.07.08-20.38.10:268][  0]LogPackFactory: Copied "../../../Samples/StarterContent/Content/StarterContent/Architecture/Wall_500x500.uasset" to "../../../../UnrealProjects/Experimental/ViveTracker/Content/StarterContent/Architecture/Wall_500x500.uasset"
[2017.07.08-20.38.10:276][  0]LogPackFactory: Copied "../../../Samples/StarterContent/Content/StarterContent/Architecture/Wall_Door_400x300.uasset" to "../../../../UnrealProjects/Experimental/ViveTracker/Content/StarterContent/Architecture/Wall_Door_400x300.uasset"
[2017.07.08-20.38.10:285][  0]LogPackFactory: Copied "../../../Samples/StarterContent/Content/StarterContent/Architecture/Wall_Door_400x400.uasset" to "../../../../UnrealProjects/Experimental/ViveTracker/Content/StarterContent/Architecture/Wall_Door_400x400.uasset"
[2017.07.08-20.38.10:292][  0]LogPackFactory: Copied "../../../Samples/StarterContent/Content/StarterContent/Architecture/Wall_Window_400x300.uasset" to "../../../../UnrealProjects/Experimental/ViveTracker/Content/StarterContent/Architecture/Wall_Window_400x300.uasset"
[2017.07.08-20.38.10:301][  0]LogPackFactory: Copied "../../../Samples/StarterContent/Content/StarterContent/Architecture/Wall_Window_400x400.uasset" to "../../../../UnrealProjects/Experimental/ViveTracker/Content/StarterContent/Architecture/Wall_Window_400x400.uasset"
[2017.07.08-20.38.10:309][  0]LogPackFactory: Copied "../../../Samples/StarterContent/Content/StarterContent/Audio/Collapse01.uasset" to "../../../../UnrealProjects/Experimental/ViveTracker/Content/StarterContent/Audio/Collapse01.uasset"
[2017.07.08-20.38.10:318][  0]LogPackFactory: Copied "../../../Samples/StarterContent/Content/StarterContent/Audio/Collapse02.uasset" to "../../../../UnrealProjects/Experimental/ViveTracker/Content/StarterContent/Audio/Collapse02.uasset"
[2017.07.08-20.38.10:324][  0]LogPackFactory: Copied "../../../Samples/StarterContent/Content/StarterContent/Audio/Collapse_Cue.uasset" to "../../../../UnrealProjects/Experimental/ViveTracker/Content/StarterContent/Audio/Collapse_Cue.uasset"
[2017.07.08-20.38.10:332][  0]LogPackFactory: Copied "../../../Samples/StarterContent/Content/StarterContent/Audio/Explosion01.uasset" to "../../../../UnrealProjects/Experimental/ViveTracker/Content/StarterContent/Audio/Explosion01.uasset"
[2017.07.08-20.38.10:341][  0]LogPackFactory: Copied "../../../Samples/StarterContent/Content/StarterContent/Audio/Explosion02.uasset" to "../../../../UnrealProjects/Experimental/ViveTracker/Content/StarterContent/Audio/Explosion02.uasset"
[2017.07.08-20.38.10:345][  0]LogPackFactory: Copied "../../../Samples/StarterContent/Content/StarterContent/Audio/Explosion_Cue.uasset" to "../../../../UnrealProjects/Experimental/ViveTracker/Content/StarterContent/Audio/Explosion_Cue.uasset"
[2017.07.08-20.38.10:354][  0]LogPackFactory: Copied "../../../Samples/StarterContent/Content/StarterContent/Audio/Fire01.uasset" to "../../../../UnrealProjects/Experimental/ViveTracker/Content/StarterContent/Audio/Fire01.uasset"
[2017.07.08-20.38.10:358][  0]LogPackFactory: Copied "../../../Samples/StarterContent/Content/StarterContent/Audio/Fire01_Cue.uasset" to "../../../../UnrealProjects/Experimental/ViveTracker/Content/StarterContent/Audio/Fire01_Cue.uasset"
[2017.07.08-20.38.10:368][  0]LogPackFactory: Copied "../../../Samples/StarterContent/Content/StarterContent/Audio/Fire_Sparks01.uasset" to "../../../../UnrealProjects/Experimental/ViveTracker/Content/StarterContent/Audio/Fire_Sparks01.uasset"
[2017.07.08-20.38.10:373][  0]LogPackFactory: Copied "../../../Samples/StarterContent/Content/StarterContent/Audio/Fire_Sparks01_Cue.uasset" to "../../../../UnrealProjects/Experimental/ViveTracker/Content/StarterContent/Audio/Fire_Sparks01_Cue.uasset"
[2017.07.08-20.38.10:382][  0]LogPackFactory: Copied "../../../Samples/StarterContent/Content/StarterContent/Audio/Light01.uasset" to "../../../../UnrealProjects/Experimental/ViveTracker/Content/StarterContent/Audio/Light01.uasset"
[2017.07.08-20.38.10:387][  0]LogPackFactory: Copied "../../../Samples/StarterContent/Content/StarterContent/Audio/Light01_Cue.uasset" to "../../../../UnrealProjects/Experimental/ViveTracker/Content/StarterContent/Audio/Light01_Cue.uasset"
[2017.07.08-20.38.10:396][  0]LogPackFactory: Copied "../../../Samples/StarterContent/Content/StarterContent/Audio/Light02.uasset" to "../../../../UnrealProjects/Experimental/ViveTracker/Content/StarterContent/Audio/Light02.uasset"
[2017.07.08-20.38.10:400][  0]LogPackFactory: Copied "../../../Samples/StarterContent/Content/StarterContent/Audio/Light02_Cue.uasset" to "../../../../UnrealProjects/Experimental/ViveTracker/Content/StarterContent/Audio/Light02_Cue.uasset"
[2017.07.08-20.38.10:411][  0]LogPackFactory: Copied "../../../Samples/StarterContent/Content/StarterContent/Audio/Smoke01.uasset" to "../../../../UnrealProjects/Experimental/ViveTracker/Content/StarterContent/Audio/Smoke01.uasset"
[2017.07.08-20.38.10:416][  0]LogPackFactory: Copied "../../../Samples/StarterContent/Content/StarterContent/Audio/Smoke01_Cue.uasset" to "../../../../UnrealProjects/Experimental/ViveTracker/Content/StarterContent/Audio/Smoke01_Cue.uasset"
[2017.07.08-20.38.10:426][  0]LogPackFactory: Copied "../../../Samples/StarterContent/Content/StarterContent/Audio/Starter_Background_Cue.uasset" to "../../../../UnrealProjects/Experimental/ViveTracker/Content/StarterContent/Audio/Starter_Background_Cue.uasset"
[2017.07.08-20.38.10:440][  0]LogPackFactory: Copied "../../../Samples/StarterContent/Content/StarterContent/Audio/Starter_Birds01.uasset" to "../../../../UnrealProjects/Experimental/ViveTracker/Content/StarterContent/Audio/Starter_Birds01.uasset"
[2017.07.08-20.38.10:465][  0]LogPackFactory: Copied "../../../Samples/StarterContent/Content/StarterContent/Audio/Starter_Music01.uasset" to "../../../../UnrealProjects/Experimental/ViveTracker/Content/StarterContent/Audio/Starter_Music01.uasset"
[2017.07.08-20.38.10:470][  0]LogPackFactory: Copied "../../../Samples/StarterContent/Content/StarterContent/Audio/Starter_Music_Cue.uasset" to "../../../../UnrealProjects/Experimental/ViveTracker/Content/StarterContent/Audio/Starter_Music_Cue.uasset"
[2017.07.08-20.38.10:483][  0]LogPackFactory: Copied "../../../Samples/StarterContent/Content/StarterContent/Audio/Starter_Wind05.uasset" to "../../../../UnrealProjects/Experimental/ViveTracker/Content/StarterContent/Audio/Starter_Wind05.uasset"
[2017.07.08-20.38.10:495][  0]LogPackFactory: Copied "../../../Samples/StarterContent/Content/StarterContent/Audio/Starter_Wind06.uasset" to "../../../../UnrealProjects/Experimental/ViveTracker/Content/StarterContent/Audio/Starter_Wind06.uasset"
[2017.07.08-20.38.10:505][  0]LogPackFactory: Copied "../../../Samples/StarterContent/Content/StarterContent/Audio/Steam01.uasset" to "../../../../UnrealProjects/Experimental/ViveTracker/Content/StarterContent/Audio/Steam01.uasset"
[2017.07.08-20.38.10:510][  0]LogPackFactory: Copied "../../../Samples/StarterContent/Content/StarterContent/Audio/Steam01_Cue.uasset" to "../../../../UnrealProjects/Experimental/ViveTracker/Content/StarterContent/Audio/Steam01_Cue.uasset"
[2017.07.08-20.38.10:519][  0]LogPackFactory: Copied "../../../Samples/StarterContent/Content/StarterContent/Blueprints/Blueprint_CeilingLight.uasset" to "../../../../UnrealProjects/Experimental/ViveTracker/Content/StarterContent/Blueprints/Blueprint_CeilingLight.uasset"
[2017.07.08-20.38.10:527][  0]LogPackFactory: Copied "../../../Samples/StarterContent/Content/StarterContent/Blueprints/Blueprint_Effect_Explosion.uasset" to "../../../../UnrealProjects/Experimental/ViveTracker/Content/StarterContent/Blueprints/Blueprint_Effect_Explosion.uasset"
[2017.07.08-20.38.10:536][  0]LogPackFactory: Copied "../../../Samples/StarterContent/Content/StarterContent/Blueprints/Blueprint_Effect_Fire.uasset" to "../../../../UnrealProjects/Experimental/ViveTracker/Content/StarterContent/Blueprints/Blueprint_Effect_Fire.uasset"
[2017.07.08-20.38.10:543][  0]LogPackFactory: Copied "../../../Samples/StarterContent/Content/StarterContent/Blueprints/Blueprint_Effect_Smoke.uasset" to "../../../../UnrealProjects/Experimental/ViveTracker/Content/StarterContent/Blueprints/Blueprint_Effect_Smoke.uasset"
[2017.07.08-20.38.10:552][  0]LogPackFactory: Copied "../../../Samples/StarterContent/Content/StarterContent/Blueprints/Blueprint_Effect_Sparks.uasset" to "../../../../UnrealProjects/Experimental/ViveTracker/Content/StarterContent/Blueprints/Blueprint_Effect_Sparks.uasset"
[2017.07.08-20.38.10:560][  0]LogPackFactory: Copied "../../../Samples/StarterContent/Content/StarterContent/Blueprints/Blueprint_Effect_Steam.uasset" to "../../../../UnrealProjects/Experimental/ViveTracker/Content/StarterContent/Blueprints/Blueprint_Effect_Steam.uasset"
[2017.07.08-20.38.10:569][  0]LogPackFactory: Copied "../../../Samples/StarterContent/Content/StarterContent/Blueprints/Blueprint_WallSconce.uasset" to "../../../../UnrealProjects/Experimental/ViveTracker/Content/StarterContent/Blueprints/Blueprint_WallSconce.uasset"
[2017.07.08-20.38.10:578][  0]LogPackFactory: Copied "../../../Samples/StarterContent/Content/StarterContent/Blueprints/BP_LightStudio.uasset" to "../../../../UnrealProjects/Experimental/ViveTracker/Content/StarterContent/Blueprints/BP_LightStudio.uasset"
[2017.07.08-20.38.10:583][  0]LogPackFactory: Copied "../../../Samples/StarterContent/Content/StarterContent/Blueprints/Assets/FogBrightnessLUT.uasset" to "../../../../UnrealProjects/Experimental/ViveTracker/Content/StarterContent/Blueprints/Assets/FogBrightnessLUT.uasset"
[2017.07.08-20.38.10:591][  0]LogPackFactory: Copied "../../../Samples/StarterContent/Content/StarterContent/Blueprints/Assets/M_LightStage_Arrows.uasset" to "../../../../UnrealProjects/Experimental/ViveTracker/Content/StarterContent/Blueprints/Assets/M_LightStage_Arrows.uasset"
[2017.07.08-20.38.10:600][  0]LogPackFactory: Copied "../../../Samples/StarterContent/Content/StarterContent/Blueprints/Assets/M_LightStage_Skybox_Black.uasset" to "../../../../UnrealProjects/Experimental/ViveTracker/Content/StarterContent/Blueprints/Assets/M_LightStage_Skybox_Black.uasset"
[2017.07.08-20.38.10:608][  0]LogPackFactory: Copied "../../../Samples/StarterContent/Content/StarterContent/Blueprints/Assets/M_LightStage_Skybox_HDRI.uasset" to "../../../../UnrealProjects/Experimental/ViveTracker/Content/StarterContent/Blueprints/Assets/M_LightStage_Skybox_HDRI.uasset"
[2017.07.08-20.38.10:616][  0]LogPackFactory: Copied "../../../Samples/StarterContent/Content/StarterContent/Blueprints/Assets/M_LightStage_Skybox_Master.uasset" to "../../../../UnrealProjects/Experimental/ViveTracker/Content/StarterContent/Blueprints/Assets/M_LightStage_Skybox_Master.uasset"
[2017.07.08-20.38.10:626][  0]LogPackFactory: Copied "../../../Samples/StarterContent/Content/StarterContent/Blueprints/Assets/Skybox.uasset" to "../../../../UnrealProjects/Experimental/ViveTracker/Content/StarterContent/Blueprints/Assets/Skybox.uasset"
[2017.07.08-20.38.10:635][  0]LogPackFactory: Copied "../../../Samples/StarterContent/Content/StarterContent/Blueprints/Assets/SM_Arrows.uasset" to "../../../../UnrealProjects/Experimental/ViveTracker/Content/StarterContent/Blueprints/Assets/SM_Arrows.uasset"
[2017.07.08-20.38.10:640][  0]LogPackFactory: Copied "../../../Samples/StarterContent/Content/StarterContent/Blueprints/Assets/SunlightColorLUT.uasset" to "../../../../UnrealProjects/Experimental/ViveTracker/Content/StarterContent/Blueprints/Assets/SunlightColorLUT.uasset"
[2017.07.08-20.38.10:803][  0]LogPackFactory: Copied "../../../Samples/StarterContent/Content/StarterContent/HDRI/HDRI_Epic_Courtyard_Daylight.uasset" to "../../../../UnrealProjects/Experimental/ViveTracker/Content/StarterContent/HDRI/HDRI_Epic_Courtyard_Daylight.uasset"
[2017.07.08-20.38.10:811][  0]LogPackFactory: Copied "../../../Samples/StarterContent/Content/StarterContent/Maps/Advanced_Lighting.umap" to "../../../../UnrealProjects/Experimental/ViveTracker/Content/StarterContent/Maps/Advanced_Lighting.umap"
[2017.07.08-20.38.10:819][  0]LogPackFactory: Copied "../../../Samples/StarterContent/Content/StarterContent/Maps/Advanced_Lighting_BuiltData.uasset" to "../../../../UnrealProjects/Experimental/ViveTracker/Content/StarterContent/Maps/Advanced_Lighting_BuiltData.uasset"
[2017.07.08-20.38.10:829][  0]LogPackFactory: Copied "../../../Samples/StarterContent/Content/StarterContent/Maps/Minimal_Default.umap" to "../../../../UnrealProjects/Experimental/ViveTracker/Content/StarterContent/Maps/Minimal_Default.umap"
[2017.07.08-20.38.10:839][  0]LogPackFactory: Copied "../../../Samples/StarterContent/Content/StarterContent/Maps/Minimal_Default_BuiltData.uasset" to "../../../../UnrealProjects/Experimental/ViveTracker/Content/StarterContent/Maps/Minimal_Default_BuiltData.uasset"
[2017.07.08-20.38.10:856][  0]LogPackFactory: Copied "../../../Samples/StarterContent/Content/StarterContent/Maps/StarterMap.umap" to "../../../../UnrealProjects/Experimental/ViveTracker/Content/StarterContent/Maps/StarterMap.umap"
[2017.07.08-20.38.10:879][  0]LogPackFactory: Copied "../../../Samples/StarterContent/Content/StarterContent/Maps/StarterMap_BuiltData.uasset" to "../../../../UnrealProjects/Experimental/ViveTracker/Content/StarterContent/Maps/StarterMap_BuiltData.uasset"
[2017.07.08-20.38.10:888][  0]LogPackFactory: Copied "../../../Samples/StarterContent/Content/StarterContent/Materials/M_AssetPlatform.uasset" to "../../../../UnrealProjects/Experimental/ViveTracker/Content/StarterContent/Materials/M_AssetPlatform.uasset"
[2017.07.08-20.38.10:896][  0]LogPackFactory: Copied "../../../Samples/StarterContent/Content/StarterContent/Materials/M_Basic_Floor.uasset" to "../../../../UnrealProjects/Experimental/ViveTracker/Content/StarterContent/Materials/M_Basic_Floor.uasset"
[2017.07.08-20.38.10:905][  0]LogPackFactory: Copied "../../../Samples/StarterContent/Content/StarterContent/Materials/M_Basic_Wall.uasset" to "../../../../UnrealProjects/Experimental/ViveTracker/Content/StarterContent/Materials/M_Basic_Wall.uasset"
[2017.07.08-20.38.10:912][  0]LogPackFactory: Copied "../../../Samples/StarterContent/Content/StarterContent/Materials/M_Brick_Clay_Beveled.uasset" to "../../../../UnrealProjects/Experimental/ViveTracker/Content/StarterContent/Materials/M_Brick_Clay_Beveled.uasset"
[2017.07.08-20.38.10:921][  0]LogPackFactory: Copied "../../../Samples/StarterContent/Content/StarterContent/Materials/M_Brick_Clay_New.uasset" to "../../../../UnrealProjects/Experimental/ViveTracker/Content/StarterContent/Materials/M_Brick_Clay_New.uasset"
[2017.07.08-20.38.10:929][  0]LogPackFactory: Copied "../../../Samples/StarterContent/Content/StarterContent/Materials/M_Brick_Clay_Old.uasset" to "../../../../UnrealProjects/Experimental/ViveTracker/Content/StarterContent/Materials/M_Brick_Clay_Old.uasset"
[2017.07.08-20.38.10:937][  0]LogPackFactory: Copied "../../../Samples/StarterContent/Content/StarterContent/Materials/M_Brick_Cut_Stone.uasset" to "../../../../UnrealProjects/Experimental/ViveTracker/Content/StarterContent/Materials/M_Brick_Cut_Stone.uasset"
[2017.07.08-20.38.10:944][  0]LogPackFactory: Copied "../../../Samples/StarterContent/Content/StarterContent/Materials/M_Brick_Hewn_Stone.uasset" to "../../../../UnrealProjects/Experimental/ViveTracker/Content/StarterContent/Materials/M_Brick_Hewn_Stone.uasset"
[2017.07.08-20.38.10:952][  0]LogPackFactory: Copied "../../../Samples/StarterContent/Content/StarterContent/Materials/M_Ceramic_Tile_Checker.uasset" to "../../../../UnrealProjects/Experimental/ViveTracker/Content/StarterContent/Materials/M_Ceramic_Tile_Checker.uasset"
[2017.07.08-20.38.10:960][  0]LogPackFactory: Copied "../../../Samples/StarterContent/Content/StarterContent/Materials/M_CobbleStone_Pebble.uasset" to "../../../../UnrealProjects/Experimental/ViveTracker/Content/StarterContent/Materials/M_CobbleStone_Pebble.uasset"
[2017.07.08-20.38.10:968][  0]LogPackFactory: Copied "../../../Samples/StarterContent/Content/StarterContent/Materials/M_CobbleStone_Rough.uasset" to "../../../../UnrealProjects/Experimental/ViveTracker/Content/StarterContent/Materials/M_CobbleStone_Rough.uasset"
[2017.07.08-20.38.10:976][  0]LogPackFactory: Copied "../../../Samples/StarterContent/Content/StarterContent/Materials/M_CobbleStone_Smooth.uasset" to "../../../../UnrealProjects/Experimental/ViveTracker/Content/StarterContent/Materials/M_CobbleStone_Smooth.uasset"
[2017.07.08-20.38.10:985][  0]LogPackFactory: Copied "../../../Samples/StarterContent/Content/StarterContent/Materials/M_ColorGrid_LowSpec.uasset" to "../../../../UnrealProjects/Experimental/ViveTracker/Content/StarterContent/Materials/M_ColorGrid_LowSpec.uasset"
[2017.07.08-20.38.10:993][  0]LogPackFactory: Copied "../../../Samples/StarterContent/Content/StarterContent/Materials/M_Concrete_Grime.uasset" to "../../../../UnrealProjects/Experimental/ViveTracker/Content/StarterContent/Materials/M_Concrete_Grime.uasset"
[2017.07.08-20.38.11:001][  0]LogPackFactory: Copied "../../../Samples/StarterContent/Content/StarterContent/Materials/M_Concrete_Panels.uasset" to "../../../../UnrealProjects/Experimental/ViveTracker/Content/StarterContent/Materials/M_Concrete_Panels.uasset"
[2017.07.08-20.38.11:009][  0]LogPackFactory: Copied "../../../Samples/StarterContent/Content/StarterContent/Materials/M_Concrete_Poured.uasset" to "../../../../UnrealProjects/Experimental/ViveTracker/Content/StarterContent/Materials/M_Concrete_Poured.uasset"
[2017.07.08-20.38.11:018][  0]LogPackFactory: Copied "../../../Samples/StarterContent/Content/StarterContent/Materials/M_Concrete_Tiles.uasset" to "../../../../UnrealProjects/Experimental/ViveTracker/Content/StarterContent/Materials/M_Concrete_Tiles.uasset"
[2017.07.08-20.38.11:026][  0]LogPackFactory: Copied "../../../Samples/StarterContent/Content/StarterContent/Materials/M_Glass.uasset" to "../../../../UnrealProjects/Experimental/ViveTracker/Content/StarterContent/Materials/M_Glass.uasset"
[2017.07.08-20.38.11:034][  0]LogPackFactory: Copied "../../../Samples/StarterContent/Content/StarterContent/Materials/M_Ground_Grass.uasset" to "../../../../UnrealProjects/Experimental/ViveTracker/Content/StarterContent/Materials/M_Ground_Grass.uasset"
[2017.07.08-20.38.11:042][  0]LogPackFactory: Copied "../../../Samples/StarterContent/Content/StarterContent/Materials/M_Ground_Gravel.uasset" to "../../../../UnrealProjects/Experimental/ViveTracker/Content/StarterContent/Materials/M_Ground_Gravel.uasset"
[2017.07.08-20.38.11:050][  0]LogPackFactory: Copied "../../../Samples/StarterContent/Content/StarterContent/Materials/M_Ground_Moss.uasset" to "../../../../UnrealProjects/Experimental/ViveTracker/Content/StarterContent/Materials/M_Ground_Moss.uasset"
[2017.07.08-20.38.11:058][  0]LogPackFactory: Copied "../../../Samples/StarterContent/Content/StarterContent/Materials/M_Metal_Brushed_Nickel.uasset" to "../../../../UnrealProjects/Experimental/ViveTracker/Content/StarterContent/Materials/M_Metal_Brushed_Nickel.uasset"
[2017.07.08-20.38.11:066][  0]LogPackFactory: Copied "../../../Samples/StarterContent/Content/StarterContent/Materials/M_Metal_Burnished_Steel.uasset" to "../../../../UnrealProjects/Experimental/ViveTracker/Content/StarterContent/Materials/M_Metal_Burnished_Steel.uasset"
[2017.07.08-20.38.11:075][  0]LogPackFactory: Copied "../../../Samples/StarterContent/Content/StarterContent/Materials/M_Metal_Chrome.uasset" to "../../../../UnrealProjects/Experimental/ViveTracker/Content/StarterContent/Materials/M_Metal_Chrome.uasset"
[2017.07.08-20.38.11:084][  0]LogPackFactory: Copied "../../../Samples/StarterContent/Content/StarterContent/Materials/M_Metal_Copper.uasset" to "../../../../UnrealProjects/Experimental/ViveTracker/Content/StarterContent/Materials/M_Metal_Copper.uasset"
[2017.07.08-20.38.11:092][  0]LogPackFactory: Copied "../../../Samples/StarterContent/Content/StarterContent/Materials/M_Metal_Gold.uasset" to "../../../../UnrealProjects/Experimental/ViveTracker/Content/StarterContent/Materials/M_Metal_Gold.uasset"
[2017.07.08-20.38.11:101][  0]LogPackFactory: Copied "../../../Samples/StarterContent/Content/StarterContent/Materials/M_Metal_Rust.uasset" to "../../../../UnrealProjects/Experimental/ViveTracker/Content/StarterContent/Materials/M_Metal_Rust.uasset"
[2017.07.08-20.38.11:109][  0]LogPackFactory: Copied "../../../Samples/StarterContent/Content/StarterContent/Materials/M_Metal_Steel.uasset" to "../../../../UnrealProjects/Experimental/ViveTracker/Content/StarterContent/Materials/M_Metal_Steel.uasset"
[2017.07.08-20.38.11:118][  0]LogPackFactory: Copied "../../../Samples/StarterContent/Content/StarterContent/Materials/M_Rock_Basalt.uasset" to "../../../../UnrealProjects/Experimental/ViveTracker/Content/StarterContent/Materials/M_Rock_Basalt.uasset"
[2017.07.08-20.38.11:126][  0]LogPackFactory: Copied "../../../Samples/StarterContent/Content/StarterContent/Materials/M_Rock_Marble_Polished.uasset" to "../../../../UnrealProjects/Experimental/ViveTracker/Content/StarterContent/Materials/M_Rock_Marble_Polished.uasset"
[2017.07.08-20.38.11:135][  0]LogPackFactory: Copied "../../../Samples/StarterContent/Content/StarterContent/Materials/M_Rock_Sandstone.uasset" to "../../../../UnrealProjects/Experimental/ViveTracker/Content/StarterContent/Materials/M_Rock_Sandstone.uasset"
[2017.07.08-20.38.11:144][  0]LogPackFactory: Copied "../../../Samples/StarterContent/Content/StarterContent/Materials/M_Rock_Slate.uasset" to "../../../../UnrealProjects/Experimental/ViveTracker/Content/StarterContent/Materials/M_Rock_Slate.uasset"
[2017.07.08-20.38.11:153][  0]LogPackFactory: Copied "../../../Samples/StarterContent/Content/StarterContent/Materials/M_Tech_Checker_Dot.uasset" to "../../../../UnrealProjects/Experimental/ViveTracker/Content/StarterContent/Materials/M_Tech_Checker_Dot.uasset"
[2017.07.08-20.38.11:161][  0]LogPackFactory: Copied "../../../Samples/StarterContent/Content/StarterContent/Materials/M_Tech_Hex_Tile.uasset" to "../../../../UnrealProjects/Experimental/ViveTracker/Content/StarterContent/Materials/M_Tech_Hex_Tile.uasset"
[2017.07.08-20.38.11:171][  0]LogPackFactory: Copied "../../../Samples/StarterContent/Content/StarterContent/Materials/M_Tech_Hex_Tile_Pulse.uasset" to "../../../../UnrealProjects/Experimental/ViveTracker/Content/StarterContent/Materials/M_Tech_Hex_Tile_Pulse.uasset"
[2017.07.08-20.38.11:178][  0]LogPackFactory: Copied "../../../Samples/StarterContent/Content/StarterContent/Materials/M_Tech_Panel.uasset" to "../../../../UnrealProjects/Experimental/ViveTracker/Content/StarterContent/Materials/M_Tech_Panel.uasset"
[2017.07.08-20.38.11:187][  0]LogPackFactory: Copied "../../../Samples/StarterContent/Content/StarterContent/Materials/M_Water_Lake.uasset" to "../../../../UnrealProjects/Experimental/ViveTracker/Content/StarterContent/Materials/M_Water_Lake.uasset"
[2017.07.08-20.38.11:195][  0]LogPackFactory: Copied "../../../Samples/StarterContent/Content/StarterContent/Materials/M_Water_Ocean.uasset" to "../../../../UnrealProjects/Experimental/ViveTracker/Content/StarterContent/Materials/M_Water_Ocean.uasset"
[2017.07.08-20.38.11:204][  0]LogPackFactory: Copied "../../../Samples/StarterContent/Content/StarterContent/Materials/M_Wood_Floor_Walnut_Polished.uasset" to "../../../../UnrealProjects/Experimental/ViveTracker/Content/StarterContent/Materials/M_Wood_Floor_Walnut_Polished.uasset"
[2017.07.08-20.38.11:212][  0]LogPackFactory: Copied "../../../Samples/StarterContent/Content/StarterContent/Materials/M_Wood_Floor_Walnut_Worn.uasset" to "../../../../UnrealProjects/Experimental/ViveTracker/Content/StarterContent/Materials/M_Wood_Floor_Walnut_Worn.uasset"
[2017.07.08-20.38.11:221][  0]LogPackFactory: Copied "../../../Samples/StarterContent/Content/StarterContent/Materials/M_Wood_Oak.uasset" to "../../../../UnrealProjects/Experimental/ViveTracker/Content/StarterContent/Materials/M_Wood_Oak.uasset"
[2017.07.08-20.38.11:229][  0]LogPackFactory: Copied "../../../Samples/StarterContent/Content/StarterContent/Materials/M_Wood_Pine.uasset" to "../../../../UnrealProjects/Experimental/ViveTracker/Content/StarterContent/Materials/M_Wood_Pine.uasset"
[2017.07.08-20.38.11:238][  0]LogPackFactory: Copied "../../../Samples/StarterContent/Content/StarterContent/Materials/M_Wood_Walnut.uasset" to "../../../../UnrealProjects/Experimental/ViveTracker/Content/StarterContent/Materials/M_Wood_Walnut.uasset"
[2017.07.08-20.38.11:245][  0]LogPackFactory: Copied "../../../Samples/StarterContent/Content/StarterContent/Particles/P_Ambient_Dust.uasset" to "../../../../UnrealProjects/Experimental/ViveTracker/Content/StarterContent/Particles/P_Ambient_Dust.uasset"
[2017.07.08-20.38.11:255][  0]LogPackFactory: Copied "../../../Samples/StarterContent/Content/StarterContent/Particles/P_Explosion.uasset" to "../../../../UnrealProjects/Experimental/ViveTracker/Content/StarterContent/Particles/P_Explosion.uasset"
[2017.07.08-20.38.11:263][  0]LogPackFactory: Copied "../../../Samples/StarterContent/Content/StarterContent/Particles/P_Fire.uasset" to "../../../../UnrealProjects/Experimental/ViveTracker/Content/StarterContent/Particles/P_Fire.uasset"
[2017.07.08-20.38.11:272][  0]LogPackFactory: Copied "../../../Samples/StarterContent/Content/StarterContent/Particles/P_Smoke.uasset" to "../../../../UnrealProjects/Experimental/ViveTracker/Content/StarterContent/Particles/P_Smoke.uasset"
[2017.07.08-20.38.11:280][  0]LogPackFactory: Copied "../../../Samples/StarterContent/Content/StarterContent/Particles/P_Sparks.uasset" to "../../../../UnrealProjects/Experimental/ViveTracker/Content/StarterContent/Particles/P_Sparks.uasset"
[2017.07.08-20.38.11:289][  0]LogPackFactory: Copied "../../../Samples/StarterContent/Content/StarterContent/Particles/P_Steam_Lit.uasset" to "../../../../UnrealProjects/Experimental/ViveTracker/Content/StarterContent/Particles/P_Steam_Lit.uasset"
[2017.07.08-20.38.11:297][  0]LogPackFactory: Copied "../../../Samples/StarterContent/Content/StarterContent/Particles/Materials/M_Burst.uasset" to "../../../../UnrealProjects/Experimental/ViveTracker/Content/StarterContent/Particles/Materials/M_Burst.uasset"
[2017.07.08-20.38.11:305][  0]LogPackFactory: Copied "../../../Samples/StarterContent/Content/StarterContent/Particles/Materials/M_Dust_Particle.uasset" to "../../../../UnrealProjects/Experimental/ViveTracker/Content/StarterContent/Particles/Materials/M_Dust_Particle.uasset"
[2017.07.08-20.38.11:313][  0]LogPackFactory: Copied "../../../Samples/StarterContent/Content/StarterContent/Particles/Materials/M_explosion_subUV.uasset" to "../../../../UnrealProjects/Experimental/ViveTracker/Content/StarterContent/Particles/Materials/M_explosion_subUV.uasset"
[2017.07.08-20.38.11:322][  0]LogPackFactory: Copied "../../../Samples/StarterContent/Content/StarterContent/Particles/Materials/M_Fire_SubUV.uasset" to "../../../../UnrealProjects/Experimental/ViveTracker/Content/StarterContent/Particles/Materials/M_Fire_SubUV.uasset"
[2017.07.08-20.38.11:329][  0]LogPackFactory: Copied "../../../Samples/StarterContent/Content/StarterContent/Particles/Materials/m_flare_01.uasset" to "../../../../UnrealProjects/Experimental/ViveTracker/Content/StarterContent/Particles/Materials/m_flare_01.uasset"
[2017.07.08-20.38.11:338][  0]LogPackFactory: Copied "../../../Samples/StarterContent/Content/StarterContent/Particles/Materials/M_Heat_Distortion.uasset" to "../../../../UnrealProjects/Experimental/ViveTracker/Content/StarterContent/Particles/Materials/M_Heat_Distortion.uasset"
[2017.07.08-20.38.11:346][  0]LogPackFactory: Copied "../../../Samples/StarterContent/Content/StarterContent/Particles/Materials/M_Radial_Gradient.uasset" to "../../../../UnrealProjects/Experimental/ViveTracker/Content/StarterContent/Particles/Materials/M_Radial_Gradient.uasset"
[2017.07.08-20.38.11:355][  0]LogPackFactory: Copied "../../../Samples/StarterContent/Content/StarterContent/Particles/Materials/M_radial_ramp.uasset" to "../../../../UnrealProjects/Experimental/ViveTracker/Content/StarterContent/Particles/Materials/M_radial_ramp.uasset"
[2017.07.08-20.38.11:363][  0]LogPackFactory: Copied "../../../Samples/StarterContent/Content/StarterContent/Particles/Materials/M_smoke_subUV.uasset" to "../../../../UnrealProjects/Experimental/ViveTracker/Content/StarterContent/Particles/Materials/M_smoke_subUV.uasset"
[2017.07.08-20.38.11:373][  0]LogPackFactory: Copied "../../../Samples/StarterContent/Content/StarterContent/Particles/Materials/M_Spark.uasset" to "../../../../UnrealProjects/Experimental/ViveTracker/Content/StarterContent/Particles/Materials/M_Spark.uasset"
[2017.07.08-20.38.11:380][  0]LogPackFactory: Copied "../../../Samples/StarterContent/Content/StarterContent/Props/MaterialSphere.uasset" to "../../../../UnrealProjects/Experimental/ViveTracker/Content/StarterContent/Props/MaterialSphere.uasset"
[2017.07.08-20.38.11:389][  0]LogPackFactory: Copied "../../../Samples/StarterContent/Content/StarterContent/Props/SM_Bush.uasset" to "../../../../UnrealProjects/Experimental/ViveTracker/Content/StarterContent/Props/SM_Bush.uasset"
[2017.07.08-20.38.11:397][  0]LogPackFactory: Copied "../../../Samples/StarterContent/Content/StarterContent/Props/SM_Chair.uasset" to "../../../../UnrealProjects/Experimental/ViveTracker/Content/StarterContent/Props/SM_Chair.uasset"
[2017.07.08-20.38.11:406][  0]LogPackFactory: Copied "../../../Samples/StarterContent/Content/StarterContent/Props/SM_CornerFrame.uasset" to "../../../../UnrealProjects/Experimental/ViveTracker/Content/StarterContent/Props/SM_CornerFrame.uasset"
[2017.07.08-20.38.11:414][  0]LogPackFactory: Copied "../../../Samples/StarterContent/Content/StarterContent/Props/SM_Couch.uasset" to "../../../../UnrealProjects/Experimental/ViveTracker/Content/StarterContent/Props/SM_Couch.uasset"
[2017.07.08-20.38.11:423][  0]LogPackFactory: Copied "../../../Samples/StarterContent/Content/StarterContent/Props/SM_Door.uasset" to "../../../../UnrealProjects/Experimental/ViveTracker/Content/StarterContent/Props/SM_Door.uasset"
[2017.07.08-20.38.11:430][  0]LogPackFactory: Copied "../../../Samples/StarterContent/Content/StarterContent/Props/SM_DoorFrame.uasset" to "../../../../UnrealProjects/Experimental/ViveTracker/Content/StarterContent/Props/SM_DoorFrame.uasset"
[2017.07.08-20.38.11:439][  0]LogPackFactory: Copied "../../../Samples/StarterContent/Content/StarterContent/Props/SM_GlassWindow.uasset" to "../../../../UnrealProjects/Experimental/ViveTracker/Content/StarterContent/Props/SM_GlassWindow.uasset"
[2017.07.08-20.38.11:447][  0]LogPackFactory: Copied "../../../Samples/StarterContent/Content/StarterContent/Props/SM_Lamp_Ceiling.uasset" to "../../../../UnrealProjects/Experimental/ViveTracker/Content/StarterContent/Props/SM_Lamp_Ceiling.uasset"
[2017.07.08-20.38.11:456][  0]LogPackFactory: Copied "../../../Samples/StarterContent/Content/StarterContent/Props/SM_Lamp_Wall.uasset" to "../../../../UnrealProjects/Experimental/ViveTracker/Content/StarterContent/Props/SM_Lamp_Wall.uasset"
[2017.07.08-20.38.11:467][  0]LogPackFactory: Copied "../../../Samples/StarterContent/Content/StarterContent/Props/SM_MatPreviewMesh_02.uasset" to "../../../../UnrealProjects/Experimental/ViveTracker/Content/StarterContent/Props/SM_MatPreviewMesh_02.uasset"
[2017.07.08-20.38.11:476][  0]LogPackFactory: Copied "../../../Samples/StarterContent/Content/StarterContent/Props/SM_PillarFrame.uasset" to "../../../../UnrealProjects/Experimental/ViveTracker/Content/StarterContent/Props/SM_PillarFrame.uasset"
[2017.07.08-20.38.11:484][  0]LogPackFactory: Copied "../../../Samples/StarterContent/Content/StarterContent/Props/SM_PillarFrame300.uasset" to "../../../../UnrealProjects/Experimental/ViveTracker/Content/StarterContent/Props/SM_PillarFrame300.uasset"
[2017.07.08-20.38.11:492][  0]LogPackFactory: Copied "../../../Samples/StarterContent/Content/StarterContent/Props/SM_Rock.uasset" to "../../../../UnrealProjects/Experimental/ViveTracker/Content/StarterContent/Props/SM_Rock.uasset"
[2017.07.08-20.38.11:501][  0]LogPackFactory: Copied "../../../Samples/StarterContent/Content/StarterContent/Props/SM_Shelf.uasset" to "../../../../UnrealProjects/Experimental/ViveTracker/Content/StarterContent/Props/SM_Shelf.uasset"
[2017.07.08-20.38.11:509][  0]LogPackFactory: Copied "../../../Samples/StarterContent/Content/StarterContent/Props/SM_Stairs.uasset" to "../../../../UnrealProjects/Experimental/ViveTracker/Content/StarterContent/Props/SM_Stairs.uasset"
[2017.07.08-20.38.11:518][  0]LogPackFactory: Copied "../../../Samples/StarterContent/Content/StarterContent/Props/SM_Statue.uasset" to "../../../../UnrealProjects/Experimental/ViveTracker/Content/StarterContent/Props/SM_Statue.uasset"
[2017.07.08-20.38.11:526][  0]LogPackFactory: Copied "../../../Samples/StarterContent/Content/StarterContent/Props/SM_TableRound.uasset" to "../../../../UnrealProjects/Experimental/ViveTracker/Content/StarterContent/Props/SM_TableRound.uasset"
[2017.07.08-20.38.11:534][  0]LogPackFactory: Copied "../../../Samples/StarterContent/Content/StarterContent/Props/SM_WindowFrame.uasset" to "../../../../UnrealProjects/Experimental/ViveTracker/Content/StarterContent/Props/SM_WindowFrame.uasset"
[2017.07.08-20.38.11:543][  0]LogPackFactory: Copied "../../../Samples/StarterContent/Content/StarterContent/Props/Materials/M_Bush.uasset" to "../../../../UnrealProjects/Experimental/ViveTracker/Content/StarterContent/Props/Materials/M_Bush.uasset"
[2017.07.08-20.38.11:550][  0]LogPackFactory: Copied "../../../Samples/StarterContent/Content/StarterContent/Props/Materials/M_Chair.uasset" to "../../../../UnrealProjects/Experimental/ViveTracker/Content/StarterContent/Props/Materials/M_Chair.uasset"
[2017.07.08-20.38.11:558][  0]LogPackFactory: Copied "../../../Samples/StarterContent/Content/StarterContent/Props/Materials/M_Door.uasset" to "../../../../UnrealProjects/Experimental/ViveTracker/Content/StarterContent/Props/Materials/M_Door.uasset"
[2017.07.08-20.38.11:566][  0]LogPackFactory: Copied "../../../Samples/StarterContent/Content/StarterContent/Props/Materials/M_Frame.uasset" to "../../../../UnrealProjects/Experimental/ViveTracker/Content/StarterContent/Props/Materials/M_Frame.uasset"
[2017.07.08-20.38.11:574][  0]LogPackFactory: Copied "../../../Samples/StarterContent/Content/StarterContent/Props/Materials/M_Lamp.uasset" to "../../../../UnrealProjects/Experimental/ViveTracker/Content/StarterContent/Props/Materials/M_Lamp.uasset"
[2017.07.08-20.38.11:582][  0]LogPackFactory: Copied "../../../Samples/StarterContent/Content/StarterContent/Props/Materials/M_MaterialSphere.uasset" to "../../../../UnrealProjects/Experimental/ViveTracker/Content/StarterContent/Props/Materials/M_MaterialSphere.uasset"
[2017.07.08-20.38.11:591][  0]LogPackFactory: Copied "../../../Samples/StarterContent/Content/StarterContent/Props/Materials/M_MaterialSphere_Plain.uasset" to "../../../../UnrealProjects/Experimental/ViveTracker/Content/StarterContent/Props/Materials/M_MaterialSphere_Plain.uasset"
[2017.07.08-20.38.11:599][  0]LogPackFactory: Copied "../../../Samples/StarterContent/Content/StarterContent/Props/Materials/M_Rock.uasset" to "../../../../UnrealProjects/Experimental/ViveTracker/Content/StarterContent/Props/Materials/M_Rock.uasset"
[2017.07.08-20.38.11:608][  0]LogPackFactory: Copied "../../../Samples/StarterContent/Content/StarterContent/Props/Materials/M_Shelf.uasset" to "../../../../UnrealProjects/Experimental/ViveTracker/Content/StarterContent/Props/Materials/M_Shelf.uasset"
[2017.07.08-20.38.11:615][  0]LogPackFactory: Copied "../../../Samples/StarterContent/Content/StarterContent/Props/Materials/M_Statue.uasset" to "../../../../UnrealProjects/Experimental/ViveTracker/Content/StarterContent/Props/Materials/M_Statue.uasset"
[2017.07.08-20.38.11:623][  0]LogPackFactory: Copied "../../../Samples/StarterContent/Content/StarterContent/Props/Materials/M_StatueGlass.uasset" to "../../../../UnrealProjects/Experimental/ViveTracker/Content/StarterContent/Props/Materials/M_StatueGlass.uasset"
[2017.07.08-20.38.11:630][  0]LogPackFactory: Copied "../../../Samples/StarterContent/Content/StarterContent/Props/Materials/M_TableRound.uasset" to "../../../../UnrealProjects/Experimental/ViveTracker/Content/StarterContent/Props/Materials/M_TableRound.uasset"
[2017.07.08-20.38.11:639][  0]LogPackFactory: Copied "../../../Samples/StarterContent/Content/StarterContent/Shapes/Shape_Cone.uasset" to "../../../../UnrealProjects/Experimental/ViveTracker/Content/StarterContent/Shapes/Shape_Cone.uasset"
[2017.07.08-20.38.11:647][  0]LogPackFactory: Copied "../../../Samples/StarterContent/Content/StarterContent/Shapes/Shape_Cube.uasset" to "../../../../UnrealProjects/Experimental/ViveTracker/Content/StarterContent/Shapes/Shape_Cube.uasset"
[2017.07.08-20.38.11:655][  0]LogPackFactory: Copied "../../../Samples/StarterContent/Content/StarterContent/Shapes/Shape_Cylinder.uasset" to "../../../../UnrealProjects/Experimental/ViveTracker/Content/StarterContent/Shapes/Shape_Cylinder.uasset"
[2017.07.08-20.38.11:663][  0]LogPackFactory: Copied "../../../Samples/StarterContent/Content/StarterContent/Shapes/Shape_NarrowCapsule.uasset" to "../../../../UnrealProjects/Experimental/ViveTracker/Content/StarterContent/Shapes/Shape_NarrowCapsule.uasset"
[2017.07.08-20.38.11:672][  0]LogPackFactory: Copied "../../../Samples/StarterContent/Content/StarterContent/Shapes/Shape_Pipe.uasset" to "../../../../UnrealProjects/Experimental/ViveTracker/Content/StarterContent/Shapes/Shape_Pipe.uasset"
[2017.07.08-20.38.11:679][  0]LogPackFactory: Copied "../../../Samples/StarterContent/Content/StarterContent/Shapes/Shape_Pipe_180.uasset" to "../../../../UnrealProjects/Experimental/ViveTracker/Content/StarterContent/Shapes/Shape_Pipe_180.uasset"
[2017.07.08-20.38.11:688][  0]LogPackFactory: Copied "../../../Samples/StarterContent/Content/StarterContent/Shapes/Shape_Pipe_90.uasset" to "../../../../UnrealProjects/Experimental/ViveTracker/Content/StarterContent/Shapes/Shape_Pipe_90.uasset"
[2017.07.08-20.38.11:695][  0]LogPackFactory: Copied "../../../Samples/StarterContent/Content/StarterContent/Shapes/Shape_Plane.uasset" to "../../../../UnrealProjects/Experimental/ViveTracker/Content/StarterContent/Shapes/Shape_Plane.uasset"
[2017.07.08-20.38.11:703][  0]LogPackFactory: Copied "../../../Samples/StarterContent/Content/StarterContent/Shapes/Shape_QuadPyramid.uasset" to "../../../../UnrealProjects/Experimental/ViveTracker/Content/StarterContent/Shapes/Shape_QuadPyramid.uasset"
[2017.07.08-20.38.11:712][  0]LogPackFactory: Copied "../../../Samples/StarterContent/Content/StarterContent/Shapes/Shape_Sphere.uasset" to "../../../../UnrealProjects/Experimental/ViveTracker/Content/StarterContent/Shapes/Shape_Sphere.uasset"
[2017.07.08-20.38.11:721][  0]LogPackFactory: Copied "../../../Samples/StarterContent/Content/StarterContent/Shapes/Shape_Torus.uasset" to "../../../../UnrealProjects/Experimental/ViveTracker/Content/StarterContent/Shapes/Shape_Torus.uasset"
[2017.07.08-20.38.11:728][  0]LogPackFactory: Copied "../../../Samples/StarterContent/Content/StarterContent/Shapes/Shape_Trim.uasset" to "../../../../UnrealProjects/Experimental/ViveTracker/Content/StarterContent/Shapes/Shape_Trim.uasset"
[2017.07.08-20.38.11:737][  0]LogPackFactory: Copied "../../../Samples/StarterContent/Content/StarterContent/Shapes/Shape_Trim_90_In.uasset" to "../../../../UnrealProjects/Experimental/ViveTracker/Content/StarterContent/Shapes/Shape_Trim_90_In.uasset"
[2017.07.08-20.38.11:745][  0]LogPackFactory: Copied "../../../Samples/StarterContent/Content/StarterContent/Shapes/Shape_Trim_90_Out.uasset" to "../../../../UnrealProjects/Experimental/ViveTracker/Content/StarterContent/Shapes/Shape_Trim_90_Out.uasset"
[2017.07.08-20.38.11:753][  0]LogPackFactory: Copied "../../../Samples/StarterContent/Content/StarterContent/Shapes/Shape_TriPyramid.uasset" to "../../../../UnrealProjects/Experimental/ViveTracker/Content/StarterContent/Shapes/Shape_TriPyramid.uasset"
[2017.07.08-20.38.11:761][  0]LogPackFactory: Copied "../../../Samples/StarterContent/Content/StarterContent/Shapes/Shape_Tube.uasset" to "../../../../UnrealProjects/Experimental/ViveTracker/Content/StarterContent/Shapes/Shape_Tube.uasset"
[2017.07.08-20.38.11:769][  0]LogPackFactory: Copied "../../../Samples/StarterContent/Content/StarterContent/Shapes/Shape_Wedge_A.uasset" to "../../../../UnrealProjects/Experimental/ViveTracker/Content/StarterContent/Shapes/Shape_Wedge_A.uasset"
[2017.07.08-20.38.11:777][  0]LogPackFactory: Copied "../../../Samples/StarterContent/Content/StarterContent/Shapes/Shape_Wedge_B.uasset" to "../../../../UnrealProjects/Experimental/ViveTracker/Content/StarterContent/Shapes/Shape_Wedge_B.uasset"
[2017.07.08-20.38.11:785][  0]LogPackFactory: Copied "../../../Samples/StarterContent/Content/StarterContent/Shapes/Shape_WideCapsule.uasset" to "../../../../UnrealProjects/Experimental/ViveTracker/Content/StarterContent/Shapes/Shape_WideCapsule.uasset"
[2017.07.08-20.38.11:805][  0]LogPackFactory: Copied "../../../Samples/StarterContent/Content/StarterContent/Textures/T_Brick_Clay_Beveled_D.uasset" to "../../../../UnrealProjects/Experimental/ViveTracker/Content/StarterContent/Textures/T_Brick_Clay_Beveled_D.uasset"
[2017.07.08-20.38.11:833][  0]LogPackFactory: Copied "../../../Samples/StarterContent/Content/StarterContent/Textures/T_Brick_Clay_Beveled_M.uasset" to "../../../../UnrealProjects/Experimental/ViveTracker/Content/StarterContent/Textures/T_Brick_Clay_Beveled_M.uasset"
[2017.07.08-20.38.11:868][  0]LogPackFactory: Copied "../../../Samples/StarterContent/Content/StarterContent/Textures/T_Brick_Clay_Beveled_N.uasset" to "../../../../UnrealProjects/Experimental/ViveTracker/Content/StarterContent/Textures/T_Brick_Clay_Beveled_N.uasset"
[2017.07.08-20.38.11:885][  0]LogPackFactory: Copied "../../../Samples/StarterContent/Content/StarterContent/Textures/T_Brick_Clay_New_D.uasset" to "../../../../UnrealProjects/Experimental/ViveTracker/Content/StarterContent/Textures/T_Brick_Clay_New_D.uasset"
[2017.07.08-20.38.11:906][  0]LogPackFactory: Copied "../../../Samples/StarterContent/Content/StarterContent/Textures/T_Brick_Clay_New_M.uasset" to "../../../../UnrealProjects/Experimental/ViveTracker/Content/StarterContent/Textures/T_Brick_Clay_New_M.uasset"
[2017.07.08-20.38.11:925][  0]LogPackFactory: Copied "../../../Samples/StarterContent/Content/StarterContent/Textures/T_Brick_Clay_New_N.uasset" to "../../../../UnrealProjects/Experimental/ViveTracker/Content/StarterContent/Textures/T_Brick_Clay_New_N.uasset"
[2017.07.08-20.38.11:948][  0]LogPackFactory: Copied "../../../Samples/StarterContent/Content/StarterContent/Textures/T_Brick_Clay_Old_D.uasset" to "../../../../UnrealProjects/Experimental/ViveTracker/Content/StarterContent/Textures/T_Brick_Clay_Old_D.uasset"
[2017.07.08-20.38.11:967][  0]LogPackFactory: Copied "../../../Samples/StarterContent/Content/StarterContent/Textures/T_Brick_Clay_Old_N.uasset" to "../../../../UnrealProjects/Experimental/ViveTracker/Content/StarterContent/Textures/T_Brick_Clay_Old_N.uasset"
[2017.07.08-20.38.11:992][  0]LogPackFactory: Copied "../../../Samples/StarterContent/Content/StarterContent/Textures/T_Brick_Cut_Stone_D.uasset" to "../../../../UnrealProjects/Experimental/ViveTracker/Content/StarterContent/Textures/T_Brick_Cut_Stone_D.uasset"
[2017.07.08-20.38.12:010][  0]LogPackFactory: Copied "../../../Samples/StarterContent/Content/StarterContent/Textures/T_Brick_Cut_Stone_N.uasset" to "../../../../UnrealProjects/Experimental/ViveTracker/Content/StarterContent/Textures/T_Brick_Cut_Stone_N.uasset"
[2017.07.08-20.38.12:029][  0]LogPackFactory: Copied "../../../Samples/StarterContent/Content/StarterContent/Textures/T_Brick_Hewn_Stone_D.uasset" to "../../../../UnrealProjects/Experimental/ViveTracker/Content/StarterContent/Textures/T_Brick_Hewn_Stone_D.uasset"
[2017.07.08-20.38.12:046][  0]LogPackFactory: Copied "../../../Samples/StarterContent/Content/StarterContent/Textures/T_Brick_Hewn_Stone_M.uasset" to "../../../../UnrealProjects/Experimental/ViveTracker/Content/StarterContent/Textures/T_Brick_Hewn_Stone_M.uasset"
[2017.07.08-20.38.12:066][  0]LogPackFactory: Copied "../../../Samples/StarterContent/Content/StarterContent/Textures/T_Brick_Hewn_Stone_N.uasset" to "../../../../UnrealProjects/Experimental/ViveTracker/Content/StarterContent/Textures/T_Brick_Hewn_Stone_N.uasset"
[2017.07.08-20.38.12:075][  0]LogPackFactory: Copied "../../../Samples/StarterContent/Content/StarterContent/Textures/T_Burst_M.uasset" to "../../../../UnrealProjects/Experimental/ViveTracker/Content/StarterContent/Textures/T_Burst_M.uasset"
[2017.07.08-20.38.12:084][  0]LogPackFactory: Copied "../../../Samples/StarterContent/Content/StarterContent/Textures/T_Bush_D.uasset" to "../../../../UnrealProjects/Experimental/ViveTracker/Content/StarterContent/Textures/T_Bush_D.uasset"
[2017.07.08-20.38.12:092][  0]LogPackFactory: Copied "../../../Samples/StarterContent/Content/StarterContent/Textures/T_Bush_N.uasset" to "../../../../UnrealProjects/Experimental/ViveTracker/Content/StarterContent/Textures/T_Bush_N.uasset"
[2017.07.08-20.38.12:101][  0]LogPackFactory: Copied "../../../Samples/StarterContent/Content/StarterContent/Textures/T_Ceramic_Tile_M.uasset" to "../../../../UnrealProjects/Experimental/ViveTracker/Content/StarterContent/Textures/T_Ceramic_Tile_M.uasset"
[2017.07.08-20.38.12:110][  0]LogPackFactory: Copied "../../../Samples/StarterContent/Content/StarterContent/Textures/T_Ceramic_Tile_N.uasset" to "../../../../UnrealProjects/Experimental/ViveTracker/Content/StarterContent/Textures/T_Ceramic_Tile_N.uasset"
[2017.07.08-20.38.12:119][  0]LogPackFactory: Copied "../../../Samples/StarterContent/Content/StarterContent/Textures/T_Chair_M.uasset" to "../../../../UnrealProjects/Experimental/ViveTracker/Content/StarterContent/Textures/T_Chair_M.uasset"
[2017.07.08-20.38.12:129][  0]LogPackFactory: Copied "../../../Samples/StarterContent/Content/StarterContent/Textures/T_Chair_N.uasset" to "../../../../UnrealProjects/Experimental/ViveTracker/Content/StarterContent/Textures/T_Chair_N.uasset"
[2017.07.08-20.38.12:138][  0]LogPackFactory: Copied "../../../Samples/StarterContent/Content/StarterContent/Textures/T_Checker_Noise_M.uasset" to "../../../../UnrealProjects/Experimental/ViveTracker/Content/StarterContent/Textures/T_Checker_Noise_M.uasset"
[2017.07.08-20.38.12:161][  0]LogPackFactory: Copied "../../../Samples/StarterContent/Content/StarterContent/Textures/T_CobbleStone_Pebble_D.uasset" to "../../../../UnrealProjects/Experimental/ViveTracker/Content/StarterContent/Textures/T_CobbleStone_Pebble_D.uasset"
[2017.07.08-20.38.12:172][  0]LogPackFactory: Copied "../../../Samples/StarterContent/Content/StarterContent/Textures/T_CobbleStone_Pebble_M.uasset" to "../../../../UnrealProjects/Experimental/ViveTracker/Content/StarterContent/Textures/T_CobbleStone_Pebble_M.uasset"
[2017.07.08-20.38.12:194][  0]LogPackFactory: Copied "../../../Samples/StarterContent/Content/StarterContent/Textures/T_CobbleStone_Pebble_N.uasset" to "../../../../UnrealProjects/Experimental/ViveTracker/Content/StarterContent/Textures/T_CobbleStone_Pebble_N.uasset"
[2017.07.08-20.38.12:208][  0]LogPackFactory: Copied "../../../Samples/StarterContent/Content/StarterContent/Textures/T_CobbleStone_Rough_D.uasset" to "../../../../UnrealProjects/Experimental/ViveTracker/Content/StarterContent/Textures/T_CobbleStone_Rough_D.uasset"
[2017.07.08-20.38.12:222][  0]LogPackFactory: Copied "../../../Samples/StarterContent/Content/StarterContent/Textures/T_CobbleStone_Rough_N.uasset" to "../../../../UnrealProjects/Experimental/ViveTracker/Content/StarterContent/Textures/T_CobbleStone_Rough_N.uasset"
[2017.07.08-20.38.12:239][  0]LogPackFactory: Copied "../../../Samples/StarterContent/Content/StarterContent/Textures/T_CobbleStone_Smooth_D.uasset" to "../../../../UnrealProjects/Experimental/ViveTracker/Content/StarterContent/Textures/T_CobbleStone_Smooth_D.uasset"
[2017.07.08-20.38.12:257][  0]LogPackFactory: Copied "../../../Samples/StarterContent/Content/StarterContent/Textures/T_CobbleStone_Smooth_M.uasset" to "../../../../UnrealProjects/Experimental/ViveTracker/Content/StarterContent/Textures/T_CobbleStone_Smooth_M.uasset"
[2017.07.08-20.38.12:278][  0]LogPackFactory: Copied "../../../Samples/StarterContent/Content/StarterContent/Textures/T_CobbleStone_Smooth_N.uasset" to "../../../../UnrealProjects/Experimental/ViveTracker/Content/StarterContent/Textures/T_CobbleStone_Smooth_N.uasset"
[2017.07.08-20.38.12:300][  0]LogPackFactory: Copied "../../../Samples/StarterContent/Content/StarterContent/Textures/T_Concrete_Grime_D.uasset" to "../../../../UnrealProjects/Experimental/ViveTracker/Content/StarterContent/Textures/T_Concrete_Grime_D.uasset"
[2017.07.08-20.38.12:322][  0]LogPackFactory: Copied "../../../Samples/StarterContent/Content/StarterContent/Textures/T_Concrete_Panels_D.uasset" to "../../../../UnrealProjects/Experimental/ViveTracker/Content/StarterContent/Textures/T_Concrete_Panels_D.uasset"
[2017.07.08-20.38.12:341][  0]LogPackFactory: Copied "../../../Samples/StarterContent/Content/StarterContent/Textures/T_Concrete_Panels_N.uasset" to "../../../../UnrealProjects/Experimental/ViveTracker/Content/StarterContent/Textures/T_Concrete_Panels_N.uasset"
[2017.07.08-20.38.12:365][  0]LogPackFactory: Copied "../../../Samples/StarterContent/Content/StarterContent/Textures/T_Concrete_Poured_D.uasset" to "../../../../UnrealProjects/Experimental/ViveTracker/Content/StarterContent/Textures/T_Concrete_Poured_D.uasset"
[2017.07.08-20.38.12:384][  0]LogPackFactory: Copied "../../../Samples/StarterContent/Content/StarterContent/Textures/T_Concrete_Poured_N.uasset" to "../../../../UnrealProjects/Experimental/ViveTracker/Content/StarterContent/Textures/T_Concrete_Poured_N.uasset"
[2017.07.08-20.38.12:401][  0]LogPackFactory: Copied "../../../Samples/StarterContent/Content/StarterContent/Textures/T_Concrete_Tiles_D.uasset" to "../../../../UnrealProjects/Experimental/ViveTracker/Content/StarterContent/Textures/T_Concrete_Tiles_D.uasset"
[2017.07.08-20.38.12:418][  0]LogPackFactory: Copied "../../../Samples/StarterContent/Content/StarterContent/Textures/T_Concrete_Tiles_M.uasset" to "../../../../UnrealProjects/Experimental/ViveTracker/Content/StarterContent/Textures/T_Concrete_Tiles_M.uasset"
[2017.07.08-20.38.12:437][  0]LogPackFactory: Copied "../../../Samples/StarterContent/Content/StarterContent/Textures/T_Concrete_Tiles_N.uasset" to "../../../../UnrealProjects/Experimental/ViveTracker/Content/StarterContent/Textures/T_Concrete_Tiles_N.uasset"
[2017.07.08-20.38.12:442][  0]LogPackFactory: Copied "../../../Samples/StarterContent/Content/StarterContent/Textures/T_Concrete_Tiles_Variation_M.uasset" to "../../../../UnrealProjects/Experimental/ViveTracker/Content/StarterContent/Textures/T_Concrete_Tiles_Variation_M.uasset"
[2017.07.08-20.38.12:457][  0]LogPackFactory: Copied "../../../Samples/StarterContent/Content/StarterContent/Textures/T_Detail_Rocky_N.uasset" to "../../../../UnrealProjects/Experimental/ViveTracker/Content/StarterContent/Textures/T_Detail_Rocky_N.uasset"
[2017.07.08-20.38.12:467][  0]LogPackFactory: Copied "../../../Samples/StarterContent/Content/StarterContent/Textures/T_Door_M.uasset" to "../../../../UnrealProjects/Experimental/ViveTracker/Content/StarterContent/Textures/T_Door_M.uasset"
[2017.07.08-20.38.12:477][  0]LogPackFactory: Copied "../../../Samples/StarterContent/Content/StarterContent/Textures/T_Door_N.uasset" to "../../../../UnrealProjects/Experimental/ViveTracker/Content/StarterContent/Textures/T_Door_N.uasset"
[2017.07.08-20.38.12:486][  0]LogPackFactory: Copied "../../../Samples/StarterContent/Content/StarterContent/Textures/T_Dust_Particle_D.uasset" to "../../../../UnrealProjects/Experimental/ViveTracker/Content/StarterContent/Textures/T_Dust_Particle_D.uasset"
[2017.07.08-20.38.12:499][  0]LogPackFactory: Copied "../../../Samples/StarterContent/Content/StarterContent/Textures/T_Explosion_SubUV.uasset" to "../../../../UnrealProjects/Experimental/ViveTracker/Content/StarterContent/Textures/T_Explosion_SubUV.uasset"
[2017.07.08-20.38.12:508][  0]LogPackFactory: Copied "../../../Samples/StarterContent/Content/StarterContent/Textures/T_Fire_SubUV.uasset" to "../../../../UnrealProjects/Experimental/ViveTracker/Content/StarterContent/Textures/T_Fire_SubUV.uasset"
[2017.07.08-20.38.12:517][  0]LogPackFactory: Copied "../../../Samples/StarterContent/Content/StarterContent/Textures/T_Fire_Tiled_D.uasset" to "../../../../UnrealProjects/Experimental/ViveTracker/Content/StarterContent/Textures/T_Fire_Tiled_D.uasset"
[2017.07.08-20.38.12:526][  0]LogPackFactory: Copied "../../../Samples/StarterContent/Content/StarterContent/Textures/T_Frame_M.uasset" to "../../../../UnrealProjects/Experimental/ViveTracker/Content/StarterContent/Textures/T_Frame_M.uasset"
[2017.07.08-20.38.12:536][  0]LogPackFactory: Copied "../../../Samples/StarterContent/Content/StarterContent/Textures/T_Frame_N.uasset" to "../../../../UnrealProjects/Experimental/ViveTracker/Content/StarterContent/Textures/T_Frame_N.uasset"
[2017.07.08-20.38.12:541][  0]LogPackFactory: Copied "../../../Samples/StarterContent/Content/StarterContent/Textures/T_Gradinet_01.uasset" to "../../../../UnrealProjects/Experimental/ViveTracker/Content/StarterContent/Textures/T_Gradinet_01.uasset"
[2017.07.08-20.38.12:564][  0]LogPackFactory: Copied "../../../Samples/StarterContent/Content/StarterContent/Textures/T_Ground_Grass_D.uasset" to "../../../../UnrealProjects/Experimental/ViveTracker/Content/StarterContent/Textures/T_Ground_Grass_D.uasset"
[2017.07.08-20.38.12:587][  0]LogPackFactory: Copied "../../../Samples/StarterContent/Content/StarterContent/Textures/T_Ground_Grass_N.uasset" to "../../../../UnrealProjects/Experimental/ViveTracker/Content/StarterContent/Textures/T_Ground_Grass_N.uasset"
[2017.07.08-20.38.12:609][  0]LogPackFactory: Copied "../../../Samples/StarterContent/Content/StarterContent/Textures/T_Ground_Gravel_D.uasset" to "../../../../UnrealProjects/Experimental/ViveTracker/Content/StarterContent/Textures/T_Ground_Gravel_D.uasset"
[2017.07.08-20.38.12:628][  0]LogPackFactory: Copied "../../../Samples/StarterContent/Content/StarterContent/Textures/T_Ground_Gravel_N.uasset" to "../../../../UnrealProjects/Experimental/ViveTracker/Content/StarterContent/Textures/T_Ground_Gravel_N.uasset"
[2017.07.08-20.38.12:653][  0]LogPackFactory: Copied "../../../Samples/StarterContent/Content/StarterContent/Textures/T_ground_Moss_D.uasset" to "../../../../UnrealProjects/Experimental/ViveTracker/Content/StarterContent/Textures/T_ground_Moss_D.uasset"
[2017.07.08-20.38.12:673][  0]LogPackFactory: Copied "../../../Samples/StarterContent/Content/StarterContent/Textures/T_Ground_Moss_N.uasset" to "../../../../UnrealProjects/Experimental/ViveTracker/Content/StarterContent/Textures/T_Ground_Moss_N.uasset"
[2017.07.08-20.38.12:682][  0]LogPackFactory: Copied "../../../Samples/StarterContent/Content/StarterContent/Textures/T_Lamp_M.uasset" to "../../../../UnrealProjects/Experimental/ViveTracker/Content/StarterContent/Textures/T_Lamp_M.uasset"
[2017.07.08-20.38.12:694][  0]LogPackFactory: Copied "../../../Samples/StarterContent/Content/StarterContent/Textures/T_Lamp_N.uasset" to "../../../../UnrealProjects/Experimental/ViveTracker/Content/StarterContent/Textures/T_Lamp_N.uasset"
[2017.07.08-20.38.12:716][  0]LogPackFactory: Copied "../../../Samples/StarterContent/Content/StarterContent/Textures/T_MacroVariation.uasset" to "../../../../UnrealProjects/Experimental/ViveTracker/Content/StarterContent/Textures/T_MacroVariation.uasset"
[2017.07.08-20.38.12:739][  0]LogPackFactory: Copied "../../../Samples/StarterContent/Content/StarterContent/Textures/T_Metal_Aluminum_D.uasset" to "../../../../UnrealProjects/Experimental/ViveTracker/Content/StarterContent/Textures/T_Metal_Aluminum_D.uasset"
[2017.07.08-20.38.12:760][  0]LogPackFactory: Copied "../../../Samples/StarterContent/Content/StarterContent/Textures/T_Metal_Copper_D.uasset" to "../../../../UnrealProjects/Experimental/ViveTracker/Content/StarterContent/Textures/T_Metal_Copper_D.uasset"
[2017.07.08-20.38.12:780][  0]LogPackFactory: Copied "../../../Samples/StarterContent/Content/StarterContent/Textures/T_Metal_Gold_D.uasset" to "../../../../UnrealProjects/Experimental/ViveTracker/Content/StarterContent/Textures/T_Metal_Gold_D.uasset"
[2017.07.08-20.38.12:792][  0]LogPackFactory: Copied "../../../Samples/StarterContent/Content/StarterContent/Textures/T_Metal_Gold_N.uasset" to "../../../../UnrealProjects/Experimental/ViveTracker/Content/StarterContent/Textures/T_Metal_Gold_N.uasset"
[2017.07.08-20.38.12:813][  0]LogPackFactory: Copied "../../../Samples/StarterContent/Content/StarterContent/Textures/T_Metal_Rust_D.uasset" to "../../../../UnrealProjects/Experimental/ViveTracker/Content/StarterContent/Textures/T_Metal_Rust_D.uasset"
[2017.07.08-20.38.12:833][  0]LogPackFactory: Copied "../../../Samples/StarterContent/Content/StarterContent/Textures/T_Metal_Rust_N.uasset" to "../../../../UnrealProjects/Experimental/ViveTracker/Content/StarterContent/Textures/T_Metal_Rust_N.uasset"
[2017.07.08-20.38.12:847][  0]LogPackFactory: Copied "../../../Samples/StarterContent/Content/StarterContent/Textures/T_Metal_Steel_D.uasset" to "../../../../UnrealProjects/Experimental/ViveTracker/Content/StarterContent/Textures/T_Metal_Steel_D.uasset"
[2017.07.08-20.38.12:863][  0]LogPackFactory: Copied "../../../Samples/StarterContent/Content/StarterContent/Textures/T_Metal_Steel_N.uasset" to "../../../../UnrealProjects/Experimental/ViveTracker/Content/StarterContent/Textures/T_Metal_Steel_N.uasset"
[2017.07.08-20.38.12:881][  0]LogPackFactory: Copied "../../../Samples/StarterContent/Content/StarterContent/Textures/T_Perlin_Noise_M.uasset" to "../../../../UnrealProjects/Experimental/ViveTracker/Content/StarterContent/Textures/T_Perlin_Noise_M.uasset"
[2017.07.08-20.38.12:894][  0]LogPackFactory: Copied "../../../Samples/StarterContent/Content/StarterContent/Textures/T_RockMesh_M.uasset" to "../../../../UnrealProjects/Experimental/ViveTracker/Content/StarterContent/Textures/T_RockMesh_M.uasset"
[2017.07.08-20.38.12:911][  0]LogPackFactory: Copied "../../../Samples/StarterContent/Content/StarterContent/Textures/T_RockMesh_N.uasset" to "../../../../UnrealProjects/Experimental/ViveTracker/Content/StarterContent/Textures/T_RockMesh_N.uasset"
[2017.07.08-20.38.12:932][  0]LogPackFactory: Copied "../../../Samples/StarterContent/Content/StarterContent/Textures/T_Rock_Basalt_D.uasset" to "../../../../UnrealProjects/Experimental/ViveTracker/Content/StarterContent/Textures/T_Rock_Basalt_D.uasset"
[2017.07.08-20.38.12:952][  0]LogPackFactory: Copied "../../../Samples/StarterContent/Content/StarterContent/Textures/T_Rock_Basalt_N.uasset" to "../../../../UnrealProjects/Experimental/ViveTracker/Content/StarterContent/Textures/T_Rock_Basalt_N.uasset"
[2017.07.08-20.38.12:969][  0]LogPackFactory: Copied "../../../Samples/StarterContent/Content/StarterContent/Textures/T_Rock_Marble_Polished_D.uasset" to "../../../../UnrealProjects/Experimental/ViveTracker/Content/StarterContent/Textures/T_Rock_Marble_Polished_D.uasset"
[2017.07.08-20.38.12:990][  0]LogPackFactory: Copied "../../../Samples/StarterContent/Content/StarterContent/Textures/T_Rock_Sandstone_D.uasset" to "../../../../UnrealProjects/Experimental/ViveTracker/Content/StarterContent/Textures/T_Rock_Sandstone_D.uasset"
[2017.07.08-20.38.13:010][  0]LogPackFactory: Copied "../../../Samples/StarterContent/Content/StarterContent/Textures/T_Rock_Sandstone_N.uasset" to "../../../../UnrealProjects/Experimental/ViveTracker/Content/StarterContent/Textures/T_Rock_Sandstone_N.uasset"
[2017.07.08-20.38.13:035][  0]LogPackFactory: Copied "../../../Samples/StarterContent/Content/StarterContent/Textures/T_Rock_Slate_D.uasset" to "../../../../UnrealProjects/Experimental/ViveTracker/Content/StarterContent/Textures/T_Rock_Slate_D.uasset"
[2017.07.08-20.38.13:056][  0]LogPackFactory: Copied "../../../Samples/StarterContent/Content/StarterContent/Textures/T_Rock_Slate_N.uasset" to "../../../../UnrealProjects/Experimental/ViveTracker/Content/StarterContent/Textures/T_Rock_Slate_N.uasset"
[2017.07.08-20.38.13:076][  0]LogPackFactory: Copied "../../../Samples/StarterContent/Content/StarterContent/Textures/T_Rock_Smooth_Granite_D.uasset" to "../../../../UnrealProjects/Experimental/ViveTracker/Content/StarterContent/Textures/T_Rock_Smooth_Granite_D.uasset"
[2017.07.08-20.38.13:085][  0]LogPackFactory: Copied "../../../Samples/StarterContent/Content/StarterContent/Textures/T_Shelf_M.uasset" to "../../../../UnrealProjects/Experimental/ViveTracker/Content/StarterContent/Textures/T_Shelf_M.uasset"
[2017.07.08-20.38.13:096][  0]LogPackFactory: Copied "../../../Samples/StarterContent/Content/StarterContent/Textures/T_Shelf_N.uasset" to "../../../../UnrealProjects/Experimental/ViveTracker/Content/StarterContent/Textures/T_Shelf_N.uasset"
[2017.07.08-20.38.13:101][  0]LogPackFactory: Copied "../../../Samples/StarterContent/Content/StarterContent/Textures/T_Single_Tile_N.uasset" to "../../../../UnrealProjects/Experimental/ViveTracker/Content/StarterContent/Textures/T_Single_Tile_N.uasset"
[2017.07.08-20.38.13:113][  0]LogPackFactory: Copied "../../../Samples/StarterContent/Content/StarterContent/Textures/T_Smoke_SubUV.uasset" to "../../../../UnrealProjects/Experimental/ViveTracker/Content/StarterContent/Textures/T_Smoke_SubUV.uasset"
[2017.07.08-20.38.13:122][  0]LogPackFactory: Copied "../../../Samples/StarterContent/Content/StarterContent/Textures/T_Smoke_Tiled_D.uasset" to "../../../../UnrealProjects/Experimental/ViveTracker/Content/StarterContent/Textures/T_Smoke_Tiled_D.uasset"
[2017.07.08-20.38.13:130][  0]LogPackFactory: Copied "../../../Samples/StarterContent/Content/StarterContent/Textures/T_Spark_Core.uasset" to "../../../../UnrealProjects/Experimental/ViveTracker/Content/StarterContent/Textures/T_Spark_Core.uasset"
[2017.07.08-20.38.13:140][  0]LogPackFactory: Copied "../../../Samples/StarterContent/Content/StarterContent/Textures/T_Statue_M.uasset" to "../../../../UnrealProjects/Experimental/ViveTracker/Content/StarterContent/Textures/T_Statue_M.uasset"
[2017.07.08-20.38.13:149][  0]LogPackFactory: Copied "../../../Samples/StarterContent/Content/StarterContent/Textures/T_Statue_N.uasset" to "../../../../UnrealProjects/Experimental/ViveTracker/Content/StarterContent/Textures/T_Statue_N.uasset"
[2017.07.08-20.38.13:158][  0]LogPackFactory: Copied "../../../Samples/StarterContent/Content/StarterContent/Textures/T_TableRound_M.uasset" to "../../../../UnrealProjects/Experimental/ViveTracker/Content/StarterContent/Textures/T_TableRound_M.uasset"
[2017.07.08-20.38.13:170][  0]LogPackFactory: Copied "../../../Samples/StarterContent/Content/StarterContent/Textures/T_TableRound_N.uasset" to "../../../../UnrealProjects/Experimental/ViveTracker/Content/StarterContent/Textures/T_TableRound_N.uasset"
[2017.07.08-20.38.13:185][  0]LogPackFactory: Copied "../../../Samples/StarterContent/Content/StarterContent/Textures/T_Tech_Dot_M.uasset" to "../../../../UnrealProjects/Experimental/ViveTracker/Content/StarterContent/Textures/T_Tech_Dot_M.uasset"
[2017.07.08-20.38.13:195][  0]LogPackFactory: Copied "../../../Samples/StarterContent/Content/StarterContent/Textures/T_Tech_Dot_N.uasset" to "../../../../UnrealProjects/Experimental/ViveTracker/Content/StarterContent/Textures/T_Tech_Dot_N.uasset"
[2017.07.08-20.38.13:213][  0]LogPackFactory: Copied "../../../Samples/StarterContent/Content/StarterContent/Textures/T_Tech_Hex_Tile_M.uasset" to "../../../../UnrealProjects/Experimental/ViveTracker/Content/StarterContent/Textures/T_Tech_Hex_Tile_M.uasset"
[2017.07.08-20.38.13:230][  0]LogPackFactory: Copied "../../../Samples/StarterContent/Content/StarterContent/Textures/T_Tech_Hex_Tile_N.uasset" to "../../../../UnrealProjects/Experimental/ViveTracker/Content/StarterContent/Textures/T_Tech_Hex_Tile_N.uasset"
[2017.07.08-20.38.13:245][  0]LogPackFactory: Copied "../../../Samples/StarterContent/Content/StarterContent/Textures/T_Tech_Panel_M.uasset" to "../../../../UnrealProjects/Experimental/ViveTracker/Content/StarterContent/Textures/T_Tech_Panel_M.uasset"
[2017.07.08-20.38.13:260][  0]LogPackFactory: Copied "../../../Samples/StarterContent/Content/StarterContent/Textures/T_Tech_Panel_N.uasset" to "../../../../UnrealProjects/Experimental/ViveTracker/Content/StarterContent/Textures/T_Tech_Panel_N.uasset"
[2017.07.08-20.38.13:274][  0]LogPackFactory: Copied "../../../Samples/StarterContent/Content/StarterContent/Textures/T_Water_M.uasset" to "../../../../UnrealProjects/Experimental/ViveTracker/Content/StarterContent/Textures/T_Water_M.uasset"
[2017.07.08-20.38.13:292][  0]LogPackFactory: Copied "../../../Samples/StarterContent/Content/StarterContent/Textures/T_Water_N.uasset" to "../../../../UnrealProjects/Experimental/ViveTracker/Content/StarterContent/Textures/T_Water_N.uasset"
[2017.07.08-20.38.13:311][  0]LogPackFactory: Copied "../../../Samples/StarterContent/Content/StarterContent/Textures/T_Wood_Floor_Walnut_D.uasset" to "../../../../UnrealProjects/Experimental/ViveTracker/Content/StarterContent/Textures/T_Wood_Floor_Walnut_D.uasset"
[2017.07.08-20.38.13:327][  0]LogPackFactory: Copied "../../../Samples/StarterContent/Content/StarterContent/Textures/T_Wood_Floor_Walnut_M.uasset" to "../../../../UnrealProjects/Experimental/ViveTracker/Content/StarterContent/Textures/T_Wood_Floor_Walnut_M.uasset"
[2017.07.08-20.38.13:345][  0]LogPackFactory: Copied "../../../Samples/StarterContent/Content/StarterContent/Textures/T_Wood_Floor_Walnut_N.uasset" to "../../../../UnrealProjects/Experimental/ViveTracker/Content/StarterContent/Textures/T_Wood_Floor_Walnut_N.uasset"
[2017.07.08-20.38.13:362][  0]LogPackFactory: Copied "../../../Samples/StarterContent/Content/StarterContent/Textures/T_Wood_Oak_D.uasset" to "../../../../UnrealProjects/Experimental/ViveTracker/Content/StarterContent/Textures/T_Wood_Oak_D.uasset"
[2017.07.08-20.38.13:379][  0]LogPackFactory: Copied "../../../Samples/StarterContent/Content/StarterContent/Textures/T_Wood_Oak_N.uasset" to "../../../../UnrealProjects/Experimental/ViveTracker/Content/StarterContent/Textures/T_Wood_Oak_N.uasset"
[2017.07.08-20.38.13:401][  0]LogPackFactory: Copied "../../../Samples/StarterContent/Content/StarterContent/Textures/T_Wood_Pine_D.uasset" to "../../../../UnrealProjects/Experimental/ViveTracker/Content/StarterContent/Textures/T_Wood_Pine_D.uasset"
[2017.07.08-20.38.13:415][  0]LogPackFactory: Copied "../../../Samples/StarterContent/Content/StarterContent/Textures/T_Wood_Pine_N.uasset" to "../../../../UnrealProjects/Experimental/ViveTracker/Content/StarterContent/Textures/T_Wood_Pine_N.uasset"
[2017.07.08-20.38.13:434][  0]LogPackFactory: Copied "../../../Samples/StarterContent/Content/StarterContent/Textures/T_Wood_Walnut_D.uasset" to "../../../../UnrealProjects/Experimental/ViveTracker/Content/StarterContent/Textures/T_Wood_Walnut_D.uasset"
[2017.07.08-20.38.13:448][  0]LogPackFactory: Copied "../../../Samples/StarterContent/Content/StarterContent/Textures/T_Wood_Walnut_N.uasset" to "../../../../UnrealProjects/Experimental/ViveTracker/Content/StarterContent/Textures/T_Wood_Walnut_N.uasset"
[2017.07.08-20.38.13:451][  0]LogStaticMesh: Building static mesh Floor_400x400...
[2017.07.08-20.38.13:453][  0]LogStaticMesh: Built static mesh [0.00s] /Game/StarterContent/Architecture/Floor_400x400.Floor_400x400
[2017.07.08-20.38.13:456][  0]LogMaterial: Missing cached shader map for material M_Basic_Floor, compiling. 
[2017.07.08-20.38.13:506][  0]LogStaticMesh: Building static mesh Floor_400x400...
[2017.07.08-20.38.13:506][  0]LogStaticMesh: Built static mesh [0.00s] /Game/StarterContent/Architecture/Floor_400x400.Floor_400x400
[2017.07.08-20.38.13:594][  0]LogRenderer: Reallocating scene render targets to support 256x256 NumSamples 1 (Frame:1).
[2017.07.08-20.38.13:772][  0]LogSavePackage: Save=16.73ms
[2017.07.08-20.38.13:772][  0]LogSavePackage: Moving '../../../../UnrealProjects/Experimental/ViveTracker/Saved/Floor_400x400396EFDF148CD8F83C51EA7BFB1F6C7C8.tmp' to '../../../../UnrealProjects/Experimental/ViveTracker/Content/StarterContent/Architecture/Floor_400x400.uasset'
[2017.07.08-20.38.13:778][  0]LogSavePackage:Display: Finished SavePackage ../../../../UnrealProjects/Experimental/ViveTracker/Content/StarterContent/Architecture/Floor_400x400.uasset
[2017.07.08-20.38.13:778][  0]LogFeaturePack:Warning: Inserted 1 feature packs
[2017.07.08-20.38.13:782][  0]Cmd: MAP LOAD FILE="../../../../UnrealProjects/Experimental/ViveTracker/Content/StarterContent/Maps/Minimal_Default.umap" TEMPLATE=0 SHOWPROGRESS=1 FEATURELEVEL=3
[2017.07.08-20.38.13:783][  0]LightingResults: New page: Lighting Build
[2017.07.08-20.38.13:834][  0]MapCheck: New page: Map Check
[2017.07.08-20.38.13:834][  0]LightingResults: New page: Lighting Build
[2017.07.08-20.38.14:083][  0]LogStaticMesh: Building static mesh SM_Chair...
[2017.07.08-20.38.14:095][  0]LogStaticMesh: Built static mesh [0.01s] /Game/StarterContent/Props/SM_Chair.SM_Chair
[2017.07.08-20.38.14:102][  0]LogStaticMesh: Building static mesh SM_Statue...
[2017.07.08-20.38.14:138][  0]LogStaticMesh: Built static mesh [0.04s] /Game/StarterContent/Props/SM_Statue.SM_Statue
[2017.07.08-20.38.14:148][  0]LogStaticMesh: Building static mesh SM_TableRound...
[2017.07.08-20.38.14:192][  0]LogStaticMesh: Built static mesh [0.04s] /Game/StarterContent/Props/SM_TableRound.SM_TableRound
[2017.07.08-20.38.14:251][  0]LogTexture:Display: Building textures: HQ_Lightmap0_1 (AutoDXT, 512X512)
[2017.07.08-20.38.14:281][  0]LogTexture:Display: Building textures: HQ_Lightmap0_2 (AutoDXT, 64X64)
[2017.07.08-20.38.14:291][  0]LogTexture:Display: Building textures: LQ_Lightmap_0_1 (DXT1, 512X512)
[2017.07.08-20.38.14:312][  0]LogTexture:Display: Building textures: LQ_Lightmap_0_2 (DXT1, 64X64)
[2017.07.08-20.38.14:319][  0]LogTexture:Display: Building textures: SkyOcclusion0_1 (AutoDXT, 512X256)
[2017.07.08-20.38.14:342][  0]LogTexture:Display: Building textures: SkyOcclusion0_2 (AutoDXT, 64X32)
[2017.07.08-20.38.14:344][  0]LogTexture:Display: Building textures: ShadowMapTexture2D_0 (G8, 1024X128)
[2017.07.08-20.38.14:349][  0]LogTexture:Display: Building textures: ShadowMapTexture2D_1 (G8, 32X32)
[2017.07.08-20.38.14:443][  0]LogTexture:Display: Building textures: T_TableRound_N (BC5, 2048X2048)
[2017.07.08-20.38.14:905][  0]LogTexture:Display: Building textures: T_TableRound_M (DXT1, 2048X2048)
[2017.07.08-20.38.15:454][  0]LogMaterial: Missing cached shader map for material M_TableRound, compiling. 
[2017.07.08-20.38.15:497][  0]LogTexture:Display: Building textures: T_Statue_N (BC5, 1024X1024)
[2017.07.08-20.38.15:639][  0]LogTexture:Display: Building textures: T_Statue_M (AutoDXT, 2048X2048)
[2017.07.08-20.38.16:258][  0]LogMaterial: Missing cached shader map for material M_Statue, compiling. 
[2017.07.08-20.38.16:302][  0]LogMaterial: Missing cached shader map for material M_StatueGlass, compiling. 
[2017.07.08-20.38.16:472][  0]LogTexture:Display: Building textures: T_Chair_N (BC5, 2048X2048)
[2017.07.08-20.38.16:981][  0]LogTexture:Display: Building textures: T_Chair_M (AutoDXT, 2048X2048)
[2017.07.08-20.38.17:765][  0]LogMaterial: Missing cached shader map for material M_Chair, compiling. 
[2017.07.08-20.38.18:022][  0]LogTexture:Display: Building textures: T_Metal_Copper_D (AutoDXT, 2048X2048)
[2017.07.08-20.38.19:627][  0]LogTexture:Display: Building textures: T_Metal_Gold_N (BC5, 2048X2048)
[2017.07.08-20.38.20:414][  0]LogTexture:Display: Building textures: T_MacroVariation (AutoDXT, 2048X2048)
[2017.07.08-20.38.21:810][  0]LogMaterial: Missing cached shader map for material M_Metal_Copper, compiling. 
[2017.07.08-20.38.22:117][  0]LogTexture:Display: Building textures: T_Metal_Aluminum_D (AutoDXT, 2048X2048)
[2017.07.08-20.38.23:475][  0]LogMaterial: Missing cached shader map for material M_Metal_Brushed_Nickel, compiling. 
[2017.07.08-20.38.23:521][  0]LogMaterial: Missing cached shader map for material M_Metal_Burnished_Steel, compiling. 
[2017.07.08-20.38.23:620][  0]LogAudioDerivedData:Display: Building compressed audio format OGG wave Starter_Wind06...
[2017.07.08-20.38.23:955][  0]LogAudioDerivedData:Display: Building compressed audio format OGG wave Starter_Birds01...
[2017.07.08-20.38.24:313][  0]LogAudioDerivedData:Display: Building compressed audio format OGG wave Starter_Wind05...
[2017.07.08-20.38.24:607][  0]LogAIModule: Creating AISystem for world Minimal_Default
[2017.07.08-20.38.24:888][  0]LogTexture:Display: Building textures: S_AudioComponent_AutoActivate (BGRA8, 256X256)
[2017.07.08-20.38.24:900][  0]LogEditorServer: Finished looking for orphan Actors (0.000 secs)
[2017.07.08-20.38.24:925][  0]Cmd: MAP CHECKDEP NOCLEARLOG
[2017.07.08-20.38.25:065][  0]MapCheck: Info Map check complete: 0 Error(s), 0 Warning(s), took 140.326ms to complete.
[2017.07.08-20.38.25:066][  0]LogFileHelpers: Loading map 'Minimal_Default' took 11.284
[2017.07.08-20.38.25:196][  0]LogWindowsTextInputMethodSystem:Display: IME system now deactivated.
[2017.07.08-20.38.25:196][  0]LogWindowsTextInputMethodSystem:Display: IME system now deactivated.
[2017.07.08-20.38.25:498][  0]LogCollectionManager: Loaded 0 collections in 0.006944 seconds
[2017.07.08-20.38.25:709][  0]LogFileCache: Scanning file cache for directory 'C:/Repos/GitHub/UnrealProjects/Experimental/ViveTracker/Saved/Collections/' took 0.01s
[2017.07.08-20.38.25:709][  0]LogFileCache: Scanning file cache for directory 'C:/Repos/GitHub/UnrealProjects/Experimental/ViveTracker/Content/Developers/incin/Collections/' took 0.01s
[2017.07.08-20.38.25:709][  0]LogFileCache: Scanning file cache for directory 'C:/Repos/GitHub/UnrealProjects/Experimental/ViveTracker/Content/Collections/' took 0.01s
[2017.07.08-20.38.25:709][  0]LogCollectionManager: Rebuilt the GUID cache for 0 collections in 0.000004 seconds
[2017.07.08-20.38.25:730][  0]LogContentBrowser: Native class hierarchy populated in 0.0186 seconds. Added 2328 classes and 489 folders.
[2017.07.08-20.38.25:944][  0]LogContentBrowser: Native class hierarchy updated for 'WidgetCarousel' in 0.0014 seconds. Added 0 classes and 0 folders.
[2017.07.08-20.38.26:728][  0]LogContentBrowser: Native class hierarchy updated for 'AddContentDialog' in 0.0012 seconds. Added 0 classes and 0 folders.
[2017.07.08-20.38.26:848][  0]LogContentBrowser: Native class hierarchy updated for 'SceneOutliner' in 0.0011 seconds. Added 1 classes and 2 folders.
[2017.07.08-20.38.26:954][  0]LogCrashTracker: Crashtracker disabled due to settings.
[2017.07.08-20.38.26:972][  0]LogSlate: Took 0.008315 seconds to synchronously load lazily loaded font '../../../Engine/Content/Slate/Fonts/Roboto-Regular.ttf' (155K)
[2017.07.08-20.38.26:982][  0]LogSlate: Took 0.006918 seconds to synchronously load lazily loaded font '../../../Engine/Content/Slate/Fonts/Roboto-Bold.ttf' (160K)
[2017.07.08-20.38.27:001][  0]LogSlate: Took 0.007569 seconds to synchronously load lazily loaded font '../../../Engine/Content/Editor/Slate/Fonts/FontAwesome.ttf' (139K)
[2017.07.08-20.38.27:104][  0]LogTexture:Display: Building textures: LevelGrid1DStripes (BGRA8, 4096X1)
[2017.07.08-20.38.27:108][  0]LogMaterial: Missing cached shader map for material LevelGridMaterial2, compiling. 
[2017.07.08-20.38.27:135][  0]LogRenderer: Reallocating scene render targets to support 1616x808 NumSamples 1 (Frame:1).
[2017.07.08-20.38.27:471][  0]LogTexture:Display: Building textures: Blueprint_64x (BGRA8, 64X64)
[2017.07.08-20.38.27:474][  0]LogTexture:Display: Building textures: icon_Editor_Preferences_General_40x (BGRA8, 40X40)
[2017.07.08-20.38.27:476][  0]LogTexture:Display: Building textures: Paper2DSprite_TutorialIcon (BGRA8, 64X64)
[2017.07.08-20.38.27:479][  0]LogTexture:Display: Building textures: icon_ShowSkeletalMeshes_40x (BGRA8, 40X40)
[2017.07.08-20.38.27:481][  0]LogTexture:Display: Building textures: Landscape (BGRA8, 40X40)
[2017.07.08-20.38.27:484][  0]LogTexture:Display: Building textures: Foliage (BGRA8, 40X40)
[2017.07.08-20.38.27:620][  0]LogContentBrowser: Native class hierarchy updated for 'HierarchicalLODOutliner' in 0.0016 seconds. Added 1 classes and 2 folders.
[2017.07.08-20.38.27:620][  0]LogLoad: (Engine Initialization) Total time: 52.34 seconds
[2017.07.08-20.38.27:620][  0]LogLoad: (Engine Initialization) Total Blueprint compile time: 0.12 seconds
[2017.07.08-20.38.27:620][  0]LogExternalProfiler: No external profilers were discovered.  External profiling features will not be available.
[2017.07.08-20.38.27:639][  0]LogEditorViewport: Clicking on Actor (LMB): BP_Sky_Sphere_C (BP_Sky_Sphere)
[2017.07.08-20.38.27:717][  0]LogOcInput: OculusInput pre-init called
[2017.07.08-20.38.27:717][  0]LogHMD: Starting GearVRController plugin
[2017.07.08-20.38.27:888][  0]LogContentStreaming: Texture pool size now 1000 MB
[2017.07.08-20.38.27:921][  0]LogTexture:Display: Building textures: icon_tab_Levels_40x (BGRA8, 40X40)
[2017.07.08-20.38.28:030][  1]LogAssetRegistry: Asset discovery search completed in 35.0681 seconds
[2017.07.08-20.38.28:033][  1]LogCollectionManager: Rebuilt the object cache for 0 collections in 0.000000 seconds (found 0 objects)
[2017.07.08-20.38.28:033][  1]LogCollectionManager: Fixed up redirectors for 0 collections in 0.000101 seconds (updated 0 objects)
[2017.07.08-20.38.37:574][744]LogEditorViewport: Clicking on Actor (context menu): SkyLight (SkyLight)
[2017.07.08-20.38.41:615][122]LogEditorViewport: Clicking on Actor (LMB): BP_Sky_Sphere_C (BP_Sky_Sphere)
[2017.07.08-20.38.42:586][210]LogEditorViewport: Clicking on Actor (LMB): SkyLight (SkyLight)
[2017.07.08-20.38.44:427][386]LogEditorViewport: Clicking on Actor (LMB): SphereReflectionCapture (SphereReflectionCapture)
[2017.07.08-20.38.51:241][ 49]LogEditorViewport: Clicking on Actor (LMB): PlayerStart (Player Start)
[2017.07.08-20.38.51:375][ 59]LogEditorViewport: Clicking on Actor (context menu): PlayerStart (Player Start)
[2017.07.08-20.38.53:954][334]LogEditorViewport: Clicking on Actor (LMB): BP_Sky_Sphere_C (BP_Sky_Sphere)
[2017.07.08-20.38.54:643][397]LogEditorViewport: Clicking on Actor (LMB): SphereReflectionCapture (SphereReflectionCapture10)
[2017.07.08-20.38.55:360][468]LogEditorViewport: Clicking on Actor (LMB): AtmosphericFog (Atmospheric Fog)
[2017.07.08-20.38.58:843][811]LogEditorViewport: Clicking on Actor (LMB): DirectionalLight (Light Source)
[2017.07.08-20.39.01:706][ 93]LogEditorViewport: Clicking on Actor (LMB): AmbientSound (Starter_Background_Cue)
[2017.07.08-20.39.02:911][210]LogEditorViewport: Clicking on Actor (LMB): BP_Sky_Sphere_C (BP_Sky_Sphere)
[2017.07.08-20.39.10:886][960]LogEditorViewport: Clicking on Actor (LMB): SkyLight (SkyLight)
[2017.07.08-20.39.13:394][202]LogSlate: Took 0.004066 seconds to synchronously load lazily loaded font '../../../Engine/Content/Editor/Slate/Fonts/Roboto-Italic.ttf' (157K)
[2017.07.08-20.39.14:809][341]LogEditorViewport: Clicking on Actor (LMB): BP_Sky_Sphere_C (BP_Sky_Sphere)
[2017.07.08-20.39.15:556][411]LogEditorViewport: Clicking on Actor (LMB): BP_Sky_Sphere_C (BP_Sky_Sphere)
